{"C:\\Users\\marxc\\Desktop\\api-finan\\__tests__\\mocks\\CategoriaMock.js": {"path":"C:\\Users\\marxc\\Desktop\\api-finan\\__tests__\\mocks\\CategoriaMock.js","all":false,"statementMap":{"0":{"start":{"line":1,"column":0},"end":{"line":1,"column":31}},"1":{"start":{"line":2,"column":0},"end":{"line":2,"column":34}},"2":{"start":{"line":3,"column":0},"end":{"line":3,"column":12}},"3":{"start":{"line":4,"column":0},"end":{"line":4,"column":1}},"4":{"start":{"line":5,"column":0},"end":{"line":5,"column":0}},"5":{"start":{"line":6,"column":0},"end":{"line":6,"column":38}},"6":{"start":{"line":7,"column":0},"end":{"line":7,"column":39}},"7":{"start":{"line":8,"column":0},"end":{"line":8,"column":12}},"8":{"start":{"line":9,"column":0},"end":{"line":9,"column":1}},"9":{"start":{"line":10,"column":0},"end":{"line":10,"column":0}},"10":{"start":{"line":11,"column":0},"end":{"line":11,"column":73}}},"s":{"0":1,"1":1,"2":1,"3":1,"4":1,"5":1,"6":1,"7":1,"8":1,"9":1,"10":1},"branchMap":{},"b":{},"fnMap":{},"f":{}}
,"C:\\Users\\marxc\\Desktop\\api-finan\\__tests__\\mocks\\LancamentoMock.js": {"path":"C:\\Users\\marxc\\Desktop\\api-finan\\__tests__\\mocks\\LancamentoMock.js","all":false,"statementMap":{"0":{"start":{"line":1,"column":0},"end":{"line":1,"column":29}},"1":{"start":{"line":2,"column":0},"end":{"line":2,"column":32}},"2":{"start":{"line":3,"column":0},"end":{"line":3,"column":15}},"3":{"start":{"line":4,"column":0},"end":{"line":4,"column":17}},"4":{"start":{"line":5,"column":0},"end":{"line":5,"column":13}},"5":{"start":{"line":6,"column":0},"end":{"line":6,"column":30}},"6":{"start":{"line":7,"column":0},"end":{"line":7,"column":15}},"7":{"start":{"line":8,"column":0},"end":{"line":8,"column":37}},"8":{"start":{"line":9,"column":0},"end":{"line":9,"column":13}},"9":{"start":{"line":10,"column":0},"end":{"line":10,"column":2}},"10":{"start":{"line":11,"column":0},"end":{"line":11,"column":1}},"11":{"start":{"line":12,"column":0},"end":{"line":12,"column":0}},"12":{"start":{"line":13,"column":0},"end":{"line":13,"column":30}},"13":{"start":{"line":14,"column":0},"end":{"line":14,"column":32}},"14":{"start":{"line":15,"column":0},"end":{"line":15,"column":15}},"15":{"start":{"line":16,"column":0},"end":{"line":16,"column":15}},"16":{"start":{"line":17,"column":0},"end":{"line":17,"column":37}},"17":{"start":{"line":18,"column":0},"end":{"line":18,"column":13}},"18":{"start":{"line":19,"column":0},"end":{"line":19,"column":2}},"19":{"start":{"line":20,"column":0},"end":{"line":20,"column":1}},"20":{"start":{"line":21,"column":0},"end":{"line":21,"column":0}},"21":{"start":{"line":22,"column":0},"end":{"line":22,"column":35}},"22":{"start":{"line":23,"column":0},"end":{"line":23,"column":37}},"23":{"start":{"line":24,"column":0},"end":{"line":24,"column":15}},"24":{"start":{"line":25,"column":0},"end":{"line":25,"column":17}},"25":{"start":{"line":26,"column":0},"end":{"line":26,"column":13}},"26":{"start":{"line":27,"column":0},"end":{"line":27,"column":30}},"27":{"start":{"line":28,"column":0},"end":{"line":28,"column":1}},"28":{"start":{"line":29,"column":0},"end":{"line":29,"column":0}},"29":{"start":{"line":30,"column":0},"end":{"line":30,"column":29}},"30":{"start":{"line":31,"column":0},"end":{"line":31,"column":35}},"31":{"start":{"line":32,"column":0},"end":{"line":32,"column":14}},"32":{"start":{"line":33,"column":0},"end":{"line":33,"column":17}},"33":{"start":{"line":34,"column":0},"end":{"line":34,"column":13}},"34":{"start":{"line":35,"column":0},"end":{"line":35,"column":33}},"35":{"start":{"line":36,"column":0},"end":{"line":36,"column":15}},"36":{"start":{"line":37,"column":0},"end":{"line":37,"column":37}},"37":{"start":{"line":38,"column":0},"end":{"line":38,"column":13}},"38":{"start":{"line":39,"column":0},"end":{"line":39,"column":2}},"39":{"start":{"line":40,"column":0},"end":{"line":40,"column":1}},"40":{"start":{"line":41,"column":0},"end":{"line":41,"column":0}},"41":{"start":{"line":42,"column":0},"end":{"line":42,"column":35}},"42":{"start":{"line":43,"column":0},"end":{"line":43,"column":40}},"43":{"start":{"line":44,"column":0},"end":{"line":44,"column":14}},"44":{"start":{"line":45,"column":0},"end":{"line":45,"column":17}},"45":{"start":{"line":46,"column":0},"end":{"line":46,"column":13}},"46":{"start":{"line":47,"column":0},"end":{"line":47,"column":33}},"47":{"start":{"line":48,"column":0},"end":{"line":48,"column":1}},"48":{"start":{"line":49,"column":0},"end":{"line":49,"column":0}},"49":{"start":{"line":50,"column":0},"end":{"line":50,"column":0}},"50":{"start":{"line":51,"column":0},"end":{"line":51,"column":137}}},"s":{"0":1,"1":1,"2":1,"3":1,"4":1,"5":1,"6":1,"7":1,"8":1,"9":1,"10":1,"11":1,"12":1,"13":1,"14":1,"15":1,"16":1,"17":1,"18":1,"19":1,"20":1,"21":1,"22":1,"23":1,"24":1,"25":1,"26":1,"27":1,"28":1,"29":1,"30":1,"31":1,"32":1,"33":1,"34":1,"35":1,"36":1,"37":1,"38":1,"39":1,"40":1,"41":1,"42":1,"43":1,"44":1,"45":1,"46":1,"47":1,"48":1,"49":1,"50":1},"branchMap":{},"b":{},"fnMap":{},"f":{}}
,"C:\\Users\\marxc\\Desktop\\api-finan\\__tests__\\mocks\\PessoaMock.js": {"path":"C:\\Users\\marxc\\Desktop\\api-finan\\__tests__\\mocks\\PessoaMock.js","all":false,"statementMap":{"0":{"start":{"line":1,"column":0},"end":{"line":1,"column":28}},"1":{"start":{"line":2,"column":0},"end":{"line":2,"column":22}},"2":{"start":{"line":3,"column":0},"end":{"line":3,"column":30}},"3":{"start":{"line":4,"column":0},"end":{"line":4,"column":12}},"4":{"start":{"line":5,"column":0},"end":{"line":5,"column":1}},"5":{"start":{"line":6,"column":0},"end":{"line":6,"column":0}},"6":{"start":{"line":7,"column":0},"end":{"line":7,"column":35}},"7":{"start":{"line":8,"column":0},"end":{"line":8,"column":27}},"8":{"start":{"line":9,"column":0},"end":{"line":9,"column":27}},"9":{"start":{"line":10,"column":0},"end":{"line":10,"column":12}},"10":{"start":{"line":11,"column":0},"end":{"line":11,"column":1}},"11":{"start":{"line":12,"column":0},"end":{"line":12,"column":0}},"12":{"start":{"line":13,"column":0},"end":{"line":13,"column":0}},"13":{"start":{"line":14,"column":0},"end":{"line":14,"column":66}}},"s":{"0":1,"1":1,"2":1,"3":1,"4":1,"5":1,"6":1,"7":1,"8":1,"9":1,"10":1,"11":1,"12":1,"13":1},"branchMap":{},"b":{},"fnMap":{},"f":{}}
,"C:\\Users\\marxc\\Desktop\\api-finan\\__tests__\\mocks\\UsuarioMock.js": {"path":"C:\\Users\\marxc\\Desktop\\api-finan\\__tests__\\mocks\\UsuarioMock.js","all":false,"statementMap":{"0":{"start":{"line":1,"column":0},"end":{"line":1,"column":21}},"1":{"start":{"line":2,"column":0},"end":{"line":2,"column":19}},"2":{"start":{"line":3,"column":0},"end":{"line":3,"column":30}},"3":{"start":{"line":4,"column":0},"end":{"line":4,"column":21}},"4":{"start":{"line":5,"column":0},"end":{"line":5,"column":1}},"5":{"start":{"line":6,"column":0},"end":{"line":6,"column":0}},"6":{"start":{"line":7,"column":0},"end":{"line":7,"column":29}}},"s":{"0":1,"1":1,"2":1,"3":1,"4":1,"5":1,"6":1},"branchMap":{},"b":{},"fnMap":{},"f":{}}
,"C:\\Users\\marxc\\Desktop\\api-finan\\src\\app.js": {"path":"C:\\Users\\marxc\\Desktop\\api-finan\\src\\app.js","all":false,"statementMap":{"0":{"start":{"line":1,"column":0},"end":{"line":1,"column":27}},"1":{"start":{"line":2,"column":0},"end":{"line":2,"column":35}},"2":{"start":{"line":3,"column":0},"end":{"line":3,"column":22}},"3":{"start":{"line":4,"column":0},"end":{"line":4,"column":42}},"4":{"start":{"line":5,"column":0},"end":{"line":5,"column":35}},"5":{"start":{"line":6,"column":0},"end":{"line":6,"column":47}},"6":{"start":{"line":7,"column":0},"end":{"line":7,"column":48}},"7":{"start":{"line":8,"column":0},"end":{"line":8,"column":50}},"8":{"start":{"line":9,"column":0},"end":{"line":9,"column":29}},"9":{"start":{"line":10,"column":0},"end":{"line":10,"column":0}},"10":{"start":{"line":11,"column":0},"end":{"line":11,"column":16}},"11":{"start":{"line":12,"column":0},"end":{"line":12,"column":49}},"12":{"start":{"line":13,"column":0},"end":{"line":13,"column":27}},"13":{"start":{"line":14,"column":0},"end":{"line":14,"column":0}},"14":{"start":{"line":15,"column":0},"end":{"line":15,"column":21}},"15":{"start":{"line":16,"column":0},"end":{"line":16,"column":0}},"16":{"start":{"line":17,"column":0},"end":{"line":17,"column":72}},"17":{"start":{"line":18,"column":0},"end":{"line":18,"column":16}},"18":{"start":{"line":19,"column":0},"end":{"line":19,"column":0}},"19":{"start":{"line":20,"column":0},"end":{"line":20,"column":21}}},"s":{"0":1,"1":1,"2":1,"3":1,"4":1,"5":1,"6":1,"7":1,"8":1,"9":1,"10":1,"11":1,"12":1,"13":1,"14":1,"15":1,"16":1,"17":1,"18":1,"19":1},"branchMap":{},"b":{},"fnMap":{},"f":{}}
,"C:\\Users\\marxc\\Desktop\\api-finan\\src\\routes.js": {"path":"C:\\Users\\marxc\\Desktop\\api-finan\\src\\routes.js","all":false,"statementMap":{"0":{"start":{"line":1,"column":0},"end":{"line":1,"column":35}},"1":{"start":{"line":2,"column":0},"end":{"line":2,"column":32}},"2":{"start":{"line":3,"column":0},"end":{"line":3,"column":0}},"3":{"start":{"line":4,"column":0},"end":{"line":4,"column":61}},"4":{"start":{"line":5,"column":0},"end":{"line":5,"column":55}},"5":{"start":{"line":6,"column":0},"end":{"line":6,"column":57}},"6":{"start":{"line":7,"column":0},"end":{"line":7,"column":63}},"7":{"start":{"line":8,"column":0},"end":{"line":8,"column":0}},"8":{"start":{"line":9,"column":0},"end":{"line":9,"column":62}},"9":{"start":{"line":10,"column":0},"end":{"line":10,"column":0}},"10":{"start":{"line":11,"column":0},"end":{"line":11,"column":27}},"11":{"start":{"line":12,"column":0},"end":{"line":12,"column":75}},"12":{"start":{"line":13,"column":0},"end":{"line":13,"column":0}},"13":{"start":{"line":14,"column":0},"end":{"line":14,"column":24}}},"s":{"0":1,"1":1,"2":1,"3":1,"4":1,"5":1,"6":1,"7":1,"8":1,"9":1,"10":1,"11":1,"12":1,"13":1},"branchMap":{},"b":{},"fnMap":{},"f":{}}
,"C:\\Users\\marxc\\Desktop\\api-finan\\src\\controllers\\CategoriaController.js": {"path":"C:\\Users\\marxc\\Desktop\\api-finan\\src\\controllers\\CategoriaController.js","all":false,"statementMap":{"0":{"start":{"line":1,"column":0},"end":{"line":1,"column":48}},"1":{"start":{"line":2,"column":0},"end":{"line":2,"column":0}},"2":{"start":{"line":3,"column":0},"end":{"line":3,"column":31}},"3":{"start":{"line":4,"column":0},"end":{"line":4,"column":39}},"4":{"start":{"line":5,"column":0},"end":{"line":5,"column":28}},"5":{"start":{"line":6,"column":0},"end":{"line":6,"column":1}},"6":{"start":{"line":7,"column":0},"end":{"line":7,"column":0}},"7":{"start":{"line":8,"column":0},"end":{"line":8,"column":18}},"8":{"start":{"line":9,"column":0},"end":{"line":9,"column":36}},"9":{"start":{"line":10,"column":0},"end":{"line":10,"column":32}},"10":{"start":{"line":11,"column":0},"end":{"line":11,"column":116}},"11":{"start":{"line":12,"column":0},"end":{"line":12,"column":9}},"12":{"start":{"line":13,"column":0},"end":{"line":13,"column":0}},"13":{"start":{"line":14,"column":0},"end":{"line":14,"column":73}},"14":{"start":{"line":15,"column":0},"end":{"line":15,"column":119}},"15":{"start":{"line":16,"column":0},"end":{"line":16,"column":9}},"16":{"start":{"line":17,"column":0},"end":{"line":17,"column":0}},"17":{"start":{"line":18,"column":0},"end":{"line":18,"column":41}},"18":{"start":{"line":19,"column":0},"end":{"line":19,"column":56}},"19":{"start":{"line":20,"column":0},"end":{"line":20,"column":31}},"20":{"start":{"line":21,"column":0},"end":{"line":21,"column":11}},"21":{"start":{"line":22,"column":0},"end":{"line":22,"column":12}},"22":{"start":{"line":23,"column":0},"end":{"line":23,"column":35}},"23":{"start":{"line":24,"column":0},"end":{"line":24,"column":44}},"24":{"start":{"line":25,"column":0},"end":{"line":25,"column":18}},"25":{"start":{"line":26,"column":0},"end":{"line":26,"column":38}},"26":{"start":{"line":27,"column":0},"end":{"line":27,"column":9}},"27":{"start":{"line":28,"column":0},"end":{"line":28,"column":6}},"28":{"start":{"line":29,"column":0},"end":{"line":29,"column":0}},"29":{"start":{"line":30,"column":0},"end":{"line":30,"column":37}},"30":{"start":{"line":31,"column":0},"end":{"line":31,"column":12}},"31":{"start":{"line":32,"column":0},"end":{"line":32,"column":55}},"32":{"start":{"line":33,"column":0},"end":{"line":33,"column":56}},"33":{"start":{"line":34,"column":0},"end":{"line":34,"column":18}},"34":{"start":{"line":35,"column":0},"end":{"line":35,"column":38}},"35":{"start":{"line":36,"column":0},"end":{"line":36,"column":9}},"36":{"start":{"line":37,"column":0},"end":{"line":37,"column":6}},"37":{"start":{"line":38,"column":0},"end":{"line":38,"column":0}},"38":{"start":{"line":39,"column":0},"end":{"line":39,"column":36}},"39":{"start":{"line":40,"column":0},"end":{"line":40,"column":32}},"40":{"start":{"line":41,"column":0},"end":{"line":41,"column":6}},"41":{"start":{"line":42,"column":0},"end":{"line":42,"column":0}},"42":{"start":{"line":43,"column":0},"end":{"line":43,"column":38}},"43":{"start":{"line":44,"column":0},"end":{"line":44,"column":50}},"44":{"start":{"line":45,"column":0},"end":{"line":45,"column":112}},"45":{"start":{"line":46,"column":0},"end":{"line":46,"column":9}},"46":{"start":{"line":47,"column":0},"end":{"line":47,"column":12}},"47":{"start":{"line":48,"column":0},"end":{"line":48,"column":64}},"48":{"start":{"line":49,"column":0},"end":{"line":49,"column":75}},"49":{"start":{"line":50,"column":0},"end":{"line":50,"column":18}},"50":{"start":{"line":51,"column":0},"end":{"line":51,"column":38}},"51":{"start":{"line":52,"column":0},"end":{"line":52,"column":9}},"52":{"start":{"line":53,"column":0},"end":{"line":53,"column":6}},"53":{"start":{"line":54,"column":0},"end":{"line":54,"column":0}},"54":{"start":{"line":55,"column":0},"end":{"line":55,"column":37}},"55":{"start":{"line":56,"column":0},"end":{"line":56,"column":45}},"56":{"start":{"line":57,"column":0},"end":{"line":57,"column":32}},"57":{"start":{"line":58,"column":0},"end":{"line":58,"column":119}},"58":{"start":{"line":59,"column":0},"end":{"line":59,"column":9}},"59":{"start":{"line":60,"column":0},"end":{"line":60,"column":73}},"60":{"start":{"line":61,"column":0},"end":{"line":61,"column":119}},"61":{"start":{"line":62,"column":0},"end":{"line":62,"column":9}},"62":{"start":{"line":63,"column":0},"end":{"line":63,"column":12}},"63":{"start":{"line":64,"column":0},"end":{"line":64,"column":111}},"64":{"start":{"line":65,"column":0},"end":{"line":65,"column":76}},"65":{"start":{"line":66,"column":0},"end":{"line":66,"column":18}},"66":{"start":{"line":67,"column":0},"end":{"line":67,"column":38}},"67":{"start":{"line":68,"column":0},"end":{"line":68,"column":9}},"68":{"start":{"line":69,"column":0},"end":{"line":69,"column":6}},"69":{"start":{"line":70,"column":0},"end":{"line":70,"column":0}},"70":{"start":{"line":71,"column":0},"end":{"line":71,"column":42}},"71":{"start":{"line":72,"column":0},"end":{"line":72,"column":70}},"72":{"start":{"line":73,"column":0},"end":{"line":73,"column":88}},"73":{"start":{"line":74,"column":0},"end":{"line":74,"column":59}},"74":{"start":{"line":75,"column":0},"end":{"line":75,"column":48}},"75":{"start":{"line":76,"column":0},"end":{"line":76,"column":12}},"76":{"start":{"line":77,"column":0},"end":{"line":77,"column":5}},"77":{"start":{"line":78,"column":0},"end":{"line":78,"column":1}}},"s":{"0":1,"1":1,"2":4,"3":4,"4":4,"5":4,"6":1,"7":1,"8":1,"9":3,"10":1,"11":1,"12":2,"13":3,"14":1,"15":1,"16":1,"17":1,"18":1,"19":1,"20":1,"21":3,"22":3,"23":3,"24":3,"25":0,"26":0,"27":3,"28":1,"29":1,"30":1,"31":1,"32":1,"33":1,"34":0,"35":0,"36":1,"37":1,"38":1,"39":1,"40":1,"41":1,"42":1,"43":1,"44":0,"45":0,"46":1,"47":1,"48":1,"49":1,"50":0,"51":0,"52":1,"53":1,"54":1,"55":3,"56":3,"57":1,"58":1,"59":3,"60":1,"61":1,"62":3,"63":3,"64":3,"65":3,"66":0,"67":0,"68":3,"69":1,"70":1,"71":2,"72":2,"73":2,"74":2,"75":2,"76":2,"77":1},"branchMap":{"0":{"type":"branch","line":3,"loc":{"start":{"line":3,"column":0},"end":{"line":6,"column":1}},"locations":[{"start":{"line":3,"column":0},"end":{"line":6,"column":1}}]},"1":{"type":"branch","line":9,"loc":{"start":{"line":9,"column":4},"end":{"line":28,"column":6}},"locations":[{"start":{"line":9,"column":4},"end":{"line":28,"column":6}}]},"2":{"type":"branch","line":10,"loc":{"start":{"line":10,"column":31},"end":{"line":12,"column":9}},"locations":[{"start":{"line":10,"column":31},"end":{"line":12,"column":9}}]},"3":{"type":"branch","line":13,"loc":{"start":{"line":13,"column":-2},"end":{"line":14,"column":72}},"locations":[{"start":{"line":13,"column":-2},"end":{"line":14,"column":72}}]},"4":{"type":"branch","line":14,"loc":{"start":{"line":14,"column":72},"end":{"line":22,"column":11}},"locations":[{"start":{"line":14,"column":72},"end":{"line":22,"column":11}}]},"5":{"type":"branch","line":25,"loc":{"start":{"line":25,"column":9},"end":{"line":27,"column":9}},"locations":[{"start":{"line":25,"column":9},"end":{"line":27,"column":9}}]},"6":{"type":"branch","line":30,"loc":{"start":{"line":30,"column":4},"end":{"line":37,"column":6}},"locations":[{"start":{"line":30,"column":4},"end":{"line":37,"column":6}}]},"7":{"type":"branch","line":34,"loc":{"start":{"line":34,"column":9},"end":{"line":36,"column":9}},"locations":[{"start":{"line":34,"column":9},"end":{"line":36,"column":9}}]},"8":{"type":"branch","line":39,"loc":{"start":{"line":39,"column":4},"end":{"line":41,"column":6}},"locations":[{"start":{"line":39,"column":4},"end":{"line":41,"column":6}}]},"9":{"type":"branch","line":43,"loc":{"start":{"line":43,"column":4},"end":{"line":53,"column":6}},"locations":[{"start":{"line":43,"column":4},"end":{"line":53,"column":6}}]},"10":{"type":"branch","line":44,"loc":{"start":{"line":44,"column":49},"end":{"line":46,"column":9}},"locations":[{"start":{"line":44,"column":49},"end":{"line":46,"column":9}}]},"11":{"type":"branch","line":50,"loc":{"start":{"line":50,"column":9},"end":{"line":52,"column":9}},"locations":[{"start":{"line":50,"column":9},"end":{"line":52,"column":9}}]},"12":{"type":"branch","line":55,"loc":{"start":{"line":55,"column":4},"end":{"line":69,"column":6}},"locations":[{"start":{"line":55,"column":4},"end":{"line":69,"column":6}}]},"13":{"type":"branch","line":57,"loc":{"start":{"line":57,"column":11},"end":{"line":57,"column":31}},"locations":[{"start":{"line":57,"column":11},"end":{"line":57,"column":31}}]},"14":{"type":"branch","line":57,"loc":{"start":{"line":57,"column":31},"end":{"line":59,"column":9}},"locations":[{"start":{"line":57,"column":31},"end":{"line":59,"column":9}}]},"15":{"type":"branch","line":60,"loc":{"start":{"line":60,"column":-2},"end":{"line":60,"column":72}},"locations":[{"start":{"line":60,"column":-2},"end":{"line":60,"column":72}}]},"16":{"type":"branch","line":60,"loc":{"start":{"line":60,"column":72},"end":{"line":63,"column":11}},"locations":[{"start":{"line":60,"column":72},"end":{"line":63,"column":11}}]},"17":{"type":"branch","line":66,"loc":{"start":{"line":66,"column":9},"end":{"line":68,"column":9}},"locations":[{"start":{"line":66,"column":9},"end":{"line":68,"column":9}}]},"18":{"type":"branch","line":71,"loc":{"start":{"line":71,"column":4},"end":{"line":77,"column":5}},"locations":[{"start":{"line":71,"column":4},"end":{"line":77,"column":5}}]}},"b":{"0":[4],"1":[3],"2":[1],"3":[2],"4":[1],"5":[0],"6":[1],"7":[0],"8":[1],"9":[1],"10":[0],"11":[0],"12":[3],"13":[2],"14":[1],"15":[2],"16":[1],"17":[0],"18":[2]},"fnMap":{"0":{"name":"regExpCategoria","decl":{"start":{"line":3,"column":0},"end":{"line":6,"column":1}},"loc":{"start":{"line":3,"column":0},"end":{"line":6,"column":1}},"line":3},"1":{"name":"salvarCategoria","decl":{"start":{"line":9,"column":4},"end":{"line":28,"column":6}},"loc":{"start":{"line":9,"column":4},"end":{"line":28,"column":6}},"line":9},"2":{"name":"buscarCategorias","decl":{"start":{"line":30,"column":4},"end":{"line":37,"column":6}},"loc":{"start":{"line":30,"column":4},"end":{"line":37,"column":6}},"line":30},"3":{"name":"buscarCategoriasPorId","decl":{"start":{"line":39,"column":4},"end":{"line":41,"column":6}},"loc":{"start":{"line":39,"column":4},"end":{"line":41,"column":6}},"line":39},"4":{"name":"deletarCategorias","decl":{"start":{"line":43,"column":4},"end":{"line":53,"column":6}},"loc":{"start":{"line":43,"column":4},"end":{"line":53,"column":6}},"line":43},"5":{"name":"alterarCategoria","decl":{"start":{"line":55,"column":4},"end":{"line":69,"column":6}},"loc":{"start":{"line":55,"column":4},"end":{"line":69,"column":6}},"line":55},"6":{"name":"removerLancamentoId","decl":{"start":{"line":71,"column":4},"end":{"line":77,"column":5}},"loc":{"start":{"line":71,"column":4},"end":{"line":77,"column":5}},"line":71}},"f":{"0":4,"1":3,"2":1,"3":1,"4":1,"5":3,"6":2}}
,"C:\\Users\\marxc\\Desktop\\api-finan\\src\\controllers\\LancamentosController.js": {"path":"C:\\Users\\marxc\\Desktop\\api-finan\\src\\controllers\\LancamentosController.js","all":false,"statementMap":{"0":{"start":{"line":1,"column":0},"end":{"line":1,"column":52}},"1":{"start":{"line":2,"column":0},"end":{"line":2,"column":49}},"2":{"start":{"line":3,"column":0},"end":{"line":3,"column":42}},"3":{"start":{"line":4,"column":0},"end":{"line":4,"column":0}},"4":{"start":{"line":5,"column":0},"end":{"line":5,"column":55}},"5":{"start":{"line":6,"column":0},"end":{"line":6,"column":61}},"6":{"start":{"line":7,"column":0},"end":{"line":7,"column":0}},"7":{"start":{"line":8,"column":0},"end":{"line":8,"column":24}},"8":{"start":{"line":9,"column":0},"end":{"line":9,"column":34}},"9":{"start":{"line":10,"column":0},"end":{"line":10,"column":48}},"10":{"start":{"line":11,"column":0},"end":{"line":11,"column":44}},"11":{"start":{"line":12,"column":0},"end":{"line":12,"column":5}},"12":{"start":{"line":13,"column":0},"end":{"line":13,"column":0}},"13":{"start":{"line":14,"column":0},"end":{"line":14,"column":22}},"14":{"start":{"line":15,"column":0},"end":{"line":15,"column":98}},"15":{"start":{"line":16,"column":0},"end":{"line":16,"column":36}},"16":{"start":{"line":17,"column":0},"end":{"line":17,"column":5}},"17":{"start":{"line":18,"column":0},"end":{"line":18,"column":0}},"18":{"start":{"line":19,"column":0},"end":{"line":19,"column":22}},"19":{"start":{"line":20,"column":0},"end":{"line":20,"column":49}},"20":{"start":{"line":21,"column":0},"end":{"line":21,"column":38}},"21":{"start":{"line":22,"column":0},"end":{"line":22,"column":5}},"22":{"start":{"line":23,"column":0},"end":{"line":23,"column":1}},"23":{"start":{"line":24,"column":0},"end":{"line":24,"column":0}},"24":{"start":{"line":25,"column":0},"end":{"line":25,"column":32}},"25":{"start":{"line":26,"column":0},"end":{"line":26,"column":42}},"26":{"start":{"line":27,"column":0},"end":{"line":27,"column":52}},"27":{"start":{"line":28,"column":0},"end":{"line":28,"column":24}},"28":{"start":{"line":29,"column":0},"end":{"line":29,"column":9}},"29":{"start":{"line":30,"column":0},"end":{"line":30,"column":0}},"30":{"start":{"line":31,"column":0},"end":{"line":31,"column":41}},"31":{"start":{"line":32,"column":0},"end":{"line":32,"column":24}},"32":{"start":{"line":33,"column":0},"end":{"line":33,"column":9}},"33":{"start":{"line":34,"column":0},"end":{"line":34,"column":0}},"34":{"start":{"line":35,"column":0},"end":{"line":35,"column":61}},"35":{"start":{"line":36,"column":0},"end":{"line":36,"column":24}},"36":{"start":{"line":37,"column":0},"end":{"line":37,"column":9}},"37":{"start":{"line":38,"column":0},"end":{"line":38,"column":0}},"38":{"start":{"line":39,"column":0},"end":{"line":39,"column":19}},"39":{"start":{"line":40,"column":0},"end":{"line":40,"column":5}},"40":{"start":{"line":41,"column":0},"end":{"line":41,"column":1}},"41":{"start":{"line":42,"column":0},"end":{"line":42,"column":0}},"42":{"start":{"line":43,"column":0},"end":{"line":43,"column":18}},"43":{"start":{"line":44,"column":0},"end":{"line":44,"column":0}},"44":{"start":{"line":45,"column":0},"end":{"line":45,"column":37}},"45":{"start":{"line":46,"column":0},"end":{"line":46,"column":0}},"46":{"start":{"line":47,"column":0},"end":{"line":47,"column":79}},"47":{"start":{"line":48,"column":0},"end":{"line":48,"column":0}},"48":{"start":{"line":49,"column":0},"end":{"line":49,"column":72}},"49":{"start":{"line":50,"column":0},"end":{"line":50,"column":58}},"50":{"start":{"line":51,"column":0},"end":{"line":51,"column":4}},"51":{"start":{"line":52,"column":0},"end":{"line":52,"column":60}},"52":{"start":{"line":53,"column":0},"end":{"line":53,"column":57}},"53":{"start":{"line":54,"column":0},"end":{"line":54,"column":14}},"54":{"start":{"line":55,"column":0},"end":{"line":55,"column":9}},"55":{"start":{"line":56,"column":0},"end":{"line":56,"column":0}},"56":{"start":{"line":57,"column":0},"end":{"line":57,"column":73}},"57":{"start":{"line":58,"column":0},"end":{"line":58,"column":73}},"58":{"start":{"line":59,"column":0},"end":{"line":59,"column":65}},"59":{"start":{"line":60,"column":0},"end":{"line":60,"column":0}},"60":{"start":{"line":61,"column":0},"end":{"line":61,"column":54}},"61":{"start":{"line":62,"column":0},"end":{"line":62,"column":64}},"62":{"start":{"line":63,"column":0},"end":{"line":63,"column":14}},"63":{"start":{"line":64,"column":0},"end":{"line":64,"column":9}},"64":{"start":{"line":65,"column":0},"end":{"line":65,"column":0}},"65":{"start":{"line":66,"column":0},"end":{"line":66,"column":12}},"66":{"start":{"line":67,"column":0},"end":{"line":67,"column":63}},"67":{"start":{"line":68,"column":0},"end":{"line":68,"column":0}},"68":{"start":{"line":69,"column":0},"end":{"line":69,"column":44}},"69":{"start":{"line":70,"column":0},"end":{"line":70,"column":41}},"70":{"start":{"line":71,"column":0},"end":{"line":71,"column":46}},"71":{"start":{"line":72,"column":0},"end":{"line":72,"column":40}},"72":{"start":{"line":73,"column":0},"end":{"line":73,"column":41}},"73":{"start":{"line":74,"column":0},"end":{"line":74,"column":38}},"74":{"start":{"line":75,"column":0},"end":{"line":75,"column":127}},"75":{"start":{"line":76,"column":0},"end":{"line":76,"column":13}},"76":{"start":{"line":77,"column":0},"end":{"line":77,"column":0}},"77":{"start":{"line":78,"column":0},"end":{"line":78,"column":52}},"78":{"start":{"line":79,"column":0},"end":{"line":79,"column":88}},"79":{"start":{"line":80,"column":0},"end":{"line":80,"column":13}},"80":{"start":{"line":81,"column":0},"end":{"line":81,"column":0}},"81":{"start":{"line":82,"column":0},"end":{"line":82,"column":63}},"82":{"start":{"line":83,"column":0},"end":{"line":83,"column":100}},"83":{"start":{"line":84,"column":0},"end":{"line":84,"column":13}},"84":{"start":{"line":85,"column":0},"end":{"line":85,"column":0}},"85":{"start":{"line":86,"column":0},"end":{"line":86,"column":120}},"86":{"start":{"line":87,"column":0},"end":{"line":87,"column":0}},"87":{"start":{"line":88,"column":0},"end":{"line":88,"column":114}},"88":{"start":{"line":89,"column":0},"end":{"line":89,"column":12}},"89":{"start":{"line":90,"column":0},"end":{"line":90,"column":23}},"90":{"start":{"line":91,"column":0},"end":{"line":91,"column":136}},"91":{"start":{"line":92,"column":0},"end":{"line":92,"column":13}},"92":{"start":{"line":93,"column":0},"end":{"line":93,"column":0}},"93":{"start":{"line":94,"column":0},"end":{"line":94,"column":63}},"94":{"start":{"line":95,"column":0},"end":{"line":95,"column":0}},"95":{"start":{"line":96,"column":0},"end":{"line":96,"column":63}},"96":{"start":{"line":97,"column":0},"end":{"line":97,"column":0}},"97":{"start":{"line":98,"column":0},"end":{"line":98,"column":71}},"98":{"start":{"line":99,"column":0},"end":{"line":99,"column":0}},"99":{"start":{"line":100,"column":0},"end":{"line":100,"column":31}},"100":{"start":{"line":101,"column":0},"end":{"line":101,"column":0}},"101":{"start":{"line":102,"column":0},"end":{"line":102,"column":57}},"102":{"start":{"line":103,"column":0},"end":{"line":103,"column":0}},"103":{"start":{"line":104,"column":0},"end":{"line":104,"column":40}},"104":{"start":{"line":105,"column":0},"end":{"line":105,"column":0}},"105":{"start":{"line":106,"column":0},"end":{"line":106,"column":80}},"106":{"start":{"line":107,"column":0},"end":{"line":107,"column":76}},"107":{"start":{"line":108,"column":0},"end":{"line":108,"column":0}},"108":{"start":{"line":109,"column":0},"end":{"line":109,"column":49}},"109":{"start":{"line":110,"column":0},"end":{"line":110,"column":0}},"110":{"start":{"line":111,"column":0},"end":{"line":111,"column":18}},"111":{"start":{"line":112,"column":0},"end":{"line":112,"column":0}},"112":{"start":{"line":113,"column":0},"end":{"line":113,"column":59}},"113":{"start":{"line":114,"column":0},"end":{"line":114,"column":30}},"114":{"start":{"line":115,"column":0},"end":{"line":115,"column":40}},"115":{"start":{"line":116,"column":0},"end":{"line":116,"column":18}},"116":{"start":{"line":117,"column":0},"end":{"line":117,"column":49}},"117":{"start":{"line":118,"column":0},"end":{"line":118,"column":62}},"118":{"start":{"line":119,"column":0},"end":{"line":119,"column":0}},"119":{"start":{"line":120,"column":0},"end":{"line":120,"column":40}},"120":{"start":{"line":121,"column":0},"end":{"line":121,"column":0}},"121":{"start":{"line":122,"column":0},"end":{"line":122,"column":85}},"122":{"start":{"line":123,"column":0},"end":{"line":123,"column":76}},"123":{"start":{"line":124,"column":0},"end":{"line":124,"column":0}},"124":{"start":{"line":125,"column":0},"end":{"line":125,"column":49}},"125":{"start":{"line":126,"column":0},"end":{"line":126,"column":13}},"126":{"start":{"line":127,"column":0},"end":{"line":127,"column":18}},"127":{"start":{"line":128,"column":0},"end":{"line":128,"column":38}},"128":{"start":{"line":129,"column":0},"end":{"line":129,"column":9}},"129":{"start":{"line":130,"column":0},"end":{"line":130,"column":6}},"130":{"start":{"line":131,"column":0},"end":{"line":131,"column":0}},"131":{"start":{"line":132,"column":0},"end":{"line":132,"column":38}},"132":{"start":{"line":133,"column":0},"end":{"line":133,"column":12}},"133":{"start":{"line":134,"column":0},"end":{"line":134,"column":74}},"134":{"start":{"line":135,"column":0},"end":{"line":135,"column":45}},"135":{"start":{"line":136,"column":0},"end":{"line":136,"column":18}},"136":{"start":{"line":137,"column":0},"end":{"line":137,"column":38}},"137":{"start":{"line":138,"column":0},"end":{"line":138,"column":9}},"138":{"start":{"line":139,"column":0},"end":{"line":139,"column":6}},"139":{"start":{"line":140,"column":0},"end":{"line":140,"column":0}},"140":{"start":{"line":141,"column":0},"end":{"line":141,"column":36}},"141":{"start":{"line":142,"column":0},"end":{"line":142,"column":33}},"142":{"start":{"line":143,"column":0},"end":{"line":143,"column":6}},"143":{"start":{"line":144,"column":0},"end":{"line":144,"column":0}},"144":{"start":{"line":145,"column":0},"end":{"line":145,"column":38}},"145":{"start":{"line":146,"column":0},"end":{"line":146,"column":12}},"146":{"start":{"line":147,"column":0},"end":{"line":147,"column":67}},"147":{"start":{"line":148,"column":0},"end":{"line":148,"column":65}},"148":{"start":{"line":149,"column":0},"end":{"line":149,"column":68}},"149":{"start":{"line":150,"column":0},"end":{"line":150,"column":76}},"150":{"start":{"line":151,"column":0},"end":{"line":151,"column":18}},"151":{"start":{"line":152,"column":0},"end":{"line":152,"column":38}},"152":{"start":{"line":153,"column":0},"end":{"line":153,"column":9}},"153":{"start":{"line":154,"column":0},"end":{"line":154,"column":6}},"154":{"start":{"line":155,"column":0},"end":{"line":155,"column":0}},"155":{"start":{"line":156,"column":0},"end":{"line":156,"column":45}},"156":{"start":{"line":157,"column":0},"end":{"line":157,"column":33}},"157":{"start":{"line":158,"column":0},"end":{"line":158,"column":31}},"158":{"start":{"line":159,"column":0},"end":{"line":159,"column":36}},"159":{"start":{"line":160,"column":0},"end":{"line":160,"column":29}},"160":{"start":{"line":161,"column":0},"end":{"line":161,"column":119}},"161":{"start":{"line":162,"column":0},"end":{"line":162,"column":9}},"162":{"start":{"line":163,"column":0},"end":{"line":163,"column":0}},"163":{"start":{"line":164,"column":0},"end":{"line":164,"column":95}},"164":{"start":{"line":165,"column":0},"end":{"line":165,"column":0}},"165":{"start":{"line":166,"column":0},"end":{"line":166,"column":96}},"166":{"start":{"line":167,"column":0},"end":{"line":167,"column":8}},"167":{"start":{"line":168,"column":0},"end":{"line":168,"column":19}},"168":{"start":{"line":169,"column":0},"end":{"line":169,"column":127}},"169":{"start":{"line":170,"column":0},"end":{"line":170,"column":9}},"170":{"start":{"line":171,"column":0},"end":{"line":171,"column":8}},"171":{"start":{"line":172,"column":0},"end":{"line":172,"column":12}},"172":{"start":{"line":173,"column":0},"end":{"line":173,"column":81}},"173":{"start":{"line":174,"column":0},"end":{"line":174,"column":77}},"174":{"start":{"line":175,"column":0},"end":{"line":175,"column":18}},"175":{"start":{"line":176,"column":0},"end":{"line":176,"column":38}},"176":{"start":{"line":177,"column":0},"end":{"line":177,"column":9}},"177":{"start":{"line":178,"column":0},"end":{"line":178,"column":6}},"178":{"start":{"line":179,"column":0},"end":{"line":179,"column":0}},"179":{"start":{"line":180,"column":0},"end":{"line":180,"column":45}},"180":{"start":{"line":181,"column":0},"end":{"line":181,"column":33}},"181":{"start":{"line":182,"column":0},"end":{"line":182,"column":31}},"182":{"start":{"line":183,"column":0},"end":{"line":183,"column":36}},"183":{"start":{"line":184,"column":0},"end":{"line":184,"column":29}},"184":{"start":{"line":185,"column":0},"end":{"line":185,"column":119}},"185":{"start":{"line":186,"column":0},"end":{"line":186,"column":9}},"186":{"start":{"line":187,"column":0},"end":{"line":187,"column":0}},"187":{"start":{"line":188,"column":0},"end":{"line":188,"column":95}},"188":{"start":{"line":189,"column":0},"end":{"line":189,"column":0}},"189":{"start":{"line":190,"column":0},"end":{"line":190,"column":96}},"190":{"start":{"line":191,"column":0},"end":{"line":191,"column":8}},"191":{"start":{"line":192,"column":0},"end":{"line":192,"column":19}},"192":{"start":{"line":193,"column":0},"end":{"line":193,"column":133}},"193":{"start":{"line":194,"column":0},"end":{"line":194,"column":9}},"194":{"start":{"line":195,"column":0},"end":{"line":195,"column":12}},"195":{"start":{"line":196,"column":0},"end":{"line":196,"column":81}},"196":{"start":{"line":197,"column":0},"end":{"line":197,"column":77}},"197":{"start":{"line":198,"column":0},"end":{"line":198,"column":18}},"198":{"start":{"line":199,"column":0},"end":{"line":199,"column":38}},"199":{"start":{"line":200,"column":0},"end":{"line":200,"column":9}},"200":{"start":{"line":201,"column":0},"end":{"line":201,"column":6}},"201":{"start":{"line":202,"column":0},"end":{"line":202,"column":0}},"202":{"start":{"line":203,"column":0},"end":{"line":203,"column":38}},"203":{"start":{"line":204,"column":0},"end":{"line":204,"column":43}},"204":{"start":{"line":205,"column":0},"end":{"line":205,"column":134}},"205":{"start":{"line":206,"column":0},"end":{"line":206,"column":9}},"206":{"start":{"line":207,"column":0},"end":{"line":207,"column":52}},"207":{"start":{"line":208,"column":0},"end":{"line":208,"column":39}},"208":{"start":{"line":209,"column":0},"end":{"line":209,"column":113}},"209":{"start":{"line":210,"column":0},"end":{"line":210,"column":9}},"210":{"start":{"line":211,"column":0},"end":{"line":211,"column":12}},"211":{"start":{"line":212,"column":0},"end":{"line":212,"column":93}},"212":{"start":{"line":213,"column":0},"end":{"line":213,"column":76}},"213":{"start":{"line":214,"column":0},"end":{"line":214,"column":18}},"214":{"start":{"line":215,"column":0},"end":{"line":215,"column":37}},"215":{"start":{"line":216,"column":0},"end":{"line":216,"column":9}},"216":{"start":{"line":217,"column":0},"end":{"line":217,"column":5}},"217":{"start":{"line":218,"column":0},"end":{"line":218,"column":1}}},"s":{"0":1,"1":1,"2":1,"3":1,"4":1,"5":1,"6":1,"7":1,"8":1,"9":8,"10":8,"11":8,"12":1,"13":1,"14":6,"15":6,"16":6,"17":1,"18":1,"19":5,"20":5,"21":5,"22":1,"23":1,"24":1,"25":1,"26":8,"27":2,"28":2,"29":6,"30":8,"31":1,"32":1,"33":5,"34":8,"35":1,"36":1,"37":4,"38":4,"39":4,"40":1,"41":1,"42":1,"43":1,"44":1,"45":8,"46":8,"47":2,"48":2,"49":2,"50":2,"51":2,"52":2,"53":2,"54":2,"55":8,"56":8,"57":2,"58":2,"59":2,"60":2,"61":2,"62":2,"63":2,"64":8,"65":8,"66":8,"67":8,"68":8,"69":7,"70":7,"71":7,"72":7,"73":8,"74":1,"75":1,"76":7,"77":8,"78":1,"79":1,"80":6,"81":8,"82":1,"83":1,"84":5,"85":8,"86":8,"87":8,"88":8,"89":8,"90":3,"91":3,"92":2,"93":2,"94":2,"95":2,"96":2,"97":2,"98":2,"99":2,"100":0,"101":0,"102":0,"103":0,"104":0,"105":0,"106":0,"107":0,"108":0,"109":0,"110":0,"111":0,"112":0,"113":0,"114":0,"115":0,"116":0,"117":0,"118":0,"119":0,"120":0,"121":0,"122":0,"123":0,"124":0,"125":0,"126":8,"127":0,"128":0,"129":8,"130":1,"131":1,"132":1,"133":1,"134":1,"135":1,"136":0,"137":0,"138":1,"139":1,"140":1,"141":1,"142":1,"143":1,"144":1,"145":2,"146":2,"147":2,"148":2,"149":2,"150":2,"151":0,"152":0,"153":2,"154":1,"155":1,"156":1,"157":1,"158":1,"159":1,"160":0,"161":0,"162":1,"163":1,"164":1,"165":1,"166":1,"167":1,"168":0,"169":0,"170":1,"171":1,"172":1,"173":1,"174":1,"175":0,"176":0,"177":1,"178":1,"179":1,"180":3,"181":2,"182":2,"183":3,"184":1,"185":1,"186":2,"187":3,"188":3,"189":3,"190":3,"191":3,"192":1,"193":1,"194":3,"195":3,"196":3,"197":3,"198":0,"199":0,"200":3,"201":1,"202":1,"203":3,"204":1,"205":1,"206":2,"207":3,"208":1,"209":1,"210":3,"211":3,"212":3,"213":3,"214":0,"215":0,"216":3,"217":1},"branchMap":{"0":{"type":"branch","line":9,"loc":{"start":{"line":9,"column":11},"end":{"line":12,"column":5}},"locations":[{"start":{"line":9,"column":11},"end":{"line":12,"column":5}}]},"1":{"type":"branch","line":14,"loc":{"start":{"line":14,"column":11},"end":{"line":17,"column":5}},"locations":[{"start":{"line":14,"column":11},"end":{"line":17,"column":5}}]},"2":{"type":"branch","line":19,"loc":{"start":{"line":19,"column":11},"end":{"line":22,"column":5}},"locations":[{"start":{"line":19,"column":11},"end":{"line":22,"column":5}}]},"3":{"type":"branch","line":26,"loc":{"start":{"line":26,"column":11},"end":{"line":40,"column":5}},"locations":[{"start":{"line":26,"column":11},"end":{"line":40,"column":5}}]},"4":{"type":"branch","line":27,"loc":{"start":{"line":27,"column":51},"end":{"line":29,"column":9}},"locations":[{"start":{"line":27,"column":51},"end":{"line":29,"column":9}}]},"5":{"type":"branch","line":30,"loc":{"start":{"line":30,"column":-2},"end":{"line":31,"column":11}},"locations":[{"start":{"line":30,"column":-2},"end":{"line":31,"column":11}}]},"6":{"type":"branch","line":31,"loc":{"start":{"line":31,"column":40},"end":{"line":33,"column":9}},"locations":[{"start":{"line":31,"column":40},"end":{"line":33,"column":9}}]},"7":{"type":"branch","line":34,"loc":{"start":{"line":34,"column":-2},"end":{"line":35,"column":12}},"locations":[{"start":{"line":34,"column":-2},"end":{"line":35,"column":12}}]},"8":{"type":"branch","line":35,"loc":{"start":{"line":35,"column":11},"end":{"line":35,"column":60}},"locations":[{"start":{"line":35,"column":11},"end":{"line":35,"column":60}}]},"9":{"type":"branch","line":35,"loc":{"start":{"line":35,"column":60},"end":{"line":37,"column":9}},"locations":[{"start":{"line":35,"column":60},"end":{"line":37,"column":9}}]},"10":{"type":"branch","line":38,"loc":{"start":{"line":38,"column":-2},"end":{"line":40,"column":5}},"locations":[{"start":{"line":38,"column":-2},"end":{"line":40,"column":5}}]},"11":{"type":"branch","line":45,"loc":{"start":{"line":45,"column":4},"end":{"line":130,"column":6}},"locations":[{"start":{"line":45,"column":4},"end":{"line":130,"column":6}}]},"12":{"type":"branch","line":69,"loc":{"start":{"line":69,"column":15},"end":{"line":72,"column":40}},"locations":[{"start":{"line":69,"column":15},"end":{"line":72,"column":40}}]},"13":{"type":"branch","line":69,"loc":{"start":{"line":69,"column":15},"end":{"line":73,"column":41}},"locations":[{"start":{"line":69,"column":15},"end":{"line":73,"column":41}}]},"14":{"type":"branch","line":69,"loc":{"start":{"line":69,"column":15},"end":{"line":74,"column":37}},"locations":[{"start":{"line":69,"column":15},"end":{"line":74,"column":37}}]},"15":{"type":"branch","line":74,"loc":{"start":{"line":74,"column":37},"end":{"line":76,"column":13}},"locations":[{"start":{"line":74,"column":37},"end":{"line":76,"column":13}}]},"16":{"type":"branch","line":77,"loc":{"start":{"line":77,"column":-2},"end":{"line":78,"column":15}},"locations":[{"start":{"line":77,"column":-2},"end":{"line":78,"column":15}}]},"17":{"type":"branch","line":78,"loc":{"start":{"line":78,"column":51},"end":{"line":80,"column":13}},"locations":[{"start":{"line":78,"column":51},"end":{"line":80,"column":13}}]},"18":{"type":"branch","line":81,"loc":{"start":{"line":81,"column":-2},"end":{"line":82,"column":15}},"locations":[{"start":{"line":81,"column":-2},"end":{"line":82,"column":15}}]},"19":{"type":"branch","line":82,"loc":{"start":{"line":82,"column":62},"end":{"line":84,"column":13}},"locations":[{"start":{"line":82,"column":62},"end":{"line":84,"column":13}}]},"20":{"type":"branch","line":85,"loc":{"start":{"line":85,"column":-2},"end":{"line":86,"column":26}},"locations":[{"start":{"line":85,"column":-2},"end":{"line":86,"column":26}}]},"21":{"type":"branch","line":86,"loc":{"start":{"line":86,"column":25},"end":{"line":86,"column":89}},"locations":[{"start":{"line":86,"column":25},"end":{"line":86,"column":89}}]},"22":{"type":"branch","line":86,"loc":{"start":{"line":86,"column":25},"end":{"line":86,"column":120}},"locations":[{"start":{"line":86,"column":25},"end":{"line":86,"column":120}}]},"23":{"type":"branch","line":90,"loc":{"start":{"line":90,"column":22},"end":{"line":92,"column":13}},"locations":[{"start":{"line":90,"column":22},"end":{"line":92,"column":13}}]},"24":{"type":"branch","line":93,"loc":{"start":{"line":93,"column":-2},"end":{"line":111,"column":17}},"locations":[{"start":{"line":93,"column":-2},"end":{"line":111,"column":17}}]},"25":{"type":"branch","line":100,"loc":{"start":{"line":100,"column":12},"end":{"line":126,"column":13}},"locations":[{"start":{"line":100,"column":12},"end":{"line":126,"column":13}}]},"26":{"type":"branch","line":127,"loc":{"start":{"line":127,"column":9},"end":{"line":129,"column":9}},"locations":[{"start":{"line":127,"column":9},"end":{"line":129,"column":9}}]},"27":{"type":"branch","line":47,"loc":{"start":{"line":47,"column":8},"end":{"line":55,"column":9}},"locations":[{"start":{"line":47,"column":8},"end":{"line":55,"column":9}}]},"28":{"type":"branch","line":57,"loc":{"start":{"line":57,"column":8},"end":{"line":64,"column":9}},"locations":[{"start":{"line":57,"column":8},"end":{"line":64,"column":9}}]},"29":{"type":"branch","line":132,"loc":{"start":{"line":132,"column":4},"end":{"line":139,"column":6}},"locations":[{"start":{"line":132,"column":4},"end":{"line":139,"column":6}}]},"30":{"type":"branch","line":136,"loc":{"start":{"line":136,"column":9},"end":{"line":138,"column":9}},"locations":[{"start":{"line":136,"column":9},"end":{"line":138,"column":9}}]},"31":{"type":"branch","line":141,"loc":{"start":{"line":141,"column":4},"end":{"line":143,"column":6}},"locations":[{"start":{"line":141,"column":4},"end":{"line":143,"column":6}}]},"32":{"type":"branch","line":145,"loc":{"start":{"line":145,"column":4},"end":{"line":154,"column":6}},"locations":[{"start":{"line":145,"column":4},"end":{"line":154,"column":6}}]},"33":{"type":"branch","line":151,"loc":{"start":{"line":151,"column":9},"end":{"line":153,"column":9}},"locations":[{"start":{"line":151,"column":9},"end":{"line":153,"column":9}}]},"34":{"type":"branch","line":156,"loc":{"start":{"line":156,"column":4},"end":{"line":178,"column":6}},"locations":[{"start":{"line":156,"column":4},"end":{"line":178,"column":6}}]},"35":{"type":"branch","line":160,"loc":{"start":{"line":160,"column":28},"end":{"line":162,"column":9}},"locations":[{"start":{"line":160,"column":28},"end":{"line":162,"column":9}}]},"36":{"type":"branch","line":164,"loc":{"start":{"line":164,"column":21},"end":{"line":164,"column":71}},"locations":[{"start":{"line":164,"column":21},"end":{"line":164,"column":71}}]},"37":{"type":"branch","line":168,"loc":{"start":{"line":168,"column":18},"end":{"line":170,"column":9}},"locations":[{"start":{"line":168,"column":18},"end":{"line":170,"column":9}}]},"38":{"type":"branch","line":175,"loc":{"start":{"line":175,"column":9},"end":{"line":177,"column":9}},"locations":[{"start":{"line":175,"column":9},"end":{"line":177,"column":9}}]},"39":{"type":"branch","line":180,"loc":{"start":{"line":180,"column":4},"end":{"line":201,"column":6}},"locations":[{"start":{"line":180,"column":4},"end":{"line":201,"column":6}}]},"40":{"type":"branch","line":181,"loc":{"start":{"line":181,"column":11},"end":{"line":182,"column":31}},"locations":[{"start":{"line":181,"column":11},"end":{"line":182,"column":31}}]},"41":{"type":"branch","line":181,"loc":{"start":{"line":181,"column":11},"end":{"line":183,"column":36}},"locations":[{"start":{"line":181,"column":11},"end":{"line":183,"column":36}}]},"42":{"type":"branch","line":181,"loc":{"start":{"line":181,"column":11},"end":{"line":184,"column":28}},"locations":[{"start":{"line":181,"column":11},"end":{"line":184,"column":28}}]},"43":{"type":"branch","line":184,"loc":{"start":{"line":184,"column":28},"end":{"line":186,"column":9}},"locations":[{"start":{"line":184,"column":28},"end":{"line":186,"column":9}}]},"44":{"type":"branch","line":187,"loc":{"start":{"line":187,"column":-2},"end":{"line":188,"column":71}},"locations":[{"start":{"line":187,"column":-2},"end":{"line":188,"column":71}}]},"45":{"type":"branch","line":188,"loc":{"start":{"line":188,"column":21},"end":{"line":188,"column":95}},"locations":[{"start":{"line":188,"column":21},"end":{"line":188,"column":95}}]},"46":{"type":"branch","line":192,"loc":{"start":{"line":192,"column":18},"end":{"line":195,"column":11}},"locations":[{"start":{"line":192,"column":18},"end":{"line":195,"column":11}}]},"47":{"type":"branch","line":198,"loc":{"start":{"line":198,"column":9},"end":{"line":200,"column":9}},"locations":[{"start":{"line":198,"column":9},"end":{"line":200,"column":9}}]},"48":{"type":"branch","line":203,"loc":{"start":{"line":203,"column":4},"end":{"line":217,"column":5}},"locations":[{"start":{"line":203,"column":4},"end":{"line":217,"column":5}}]},"49":{"type":"branch","line":204,"loc":{"start":{"line":204,"column":42},"end":{"line":206,"column":9}},"locations":[{"start":{"line":204,"column":42},"end":{"line":206,"column":9}}]},"50":{"type":"branch","line":207,"loc":{"start":{"line":207,"column":-2},"end":{"line":208,"column":12}},"locations":[{"start":{"line":207,"column":-2},"end":{"line":208,"column":12}}]},"51":{"type":"branch","line":208,"loc":{"start":{"line":208,"column":11},"end":{"line":208,"column":38}},"locations":[{"start":{"line":208,"column":11},"end":{"line":208,"column":38}}]},"52":{"type":"branch","line":208,"loc":{"start":{"line":208,"column":38},"end":{"line":211,"column":11}},"locations":[{"start":{"line":208,"column":38},"end":{"line":211,"column":11}}]},"53":{"type":"branch","line":214,"loc":{"start":{"line":214,"column":9},"end":{"line":216,"column":9}},"locations":[{"start":{"line":214,"column":9},"end":{"line":216,"column":9}}]}},"b":{"0":[8],"1":[6],"2":[5],"3":[8],"4":[2],"5":[6],"6":[1],"7":[5],"8":[4],"9":[1],"10":[4],"11":[8],"12":[7],"13":[7],"14":[7],"15":[1],"16":[7],"17":[1],"18":[6],"19":[1],"20":[5],"21":[4],"22":[1],"23":[3],"24":[2],"25":[0],"26":[0],"27":[2],"28":[2],"29":[1],"30":[0],"31":[1],"32":[2],"33":[0],"34":[1],"35":[0],"36":[0],"37":[0],"38":[0],"39":[3],"40":[2],"41":[2],"42":[2],"43":[1],"44":[2],"45":[0],"46":[1],"47":[0],"48":[3],"49":[1],"50":[2],"51":[1],"52":[1],"53":[0]},"fnMap":{"0":{"name":"tipo_conta","decl":{"start":{"line":9,"column":11},"end":{"line":12,"column":5}},"loc":{"start":{"line":9,"column":11},"end":{"line":12,"column":5}},"line":9},"1":{"name":"data","decl":{"start":{"line":14,"column":11},"end":{"line":17,"column":5}},"loc":{"start":{"line":14,"column":11},"end":{"line":17,"column":5}},"line":14},"2":{"name":"tipo","decl":{"start":{"line":19,"column":11},"end":{"line":22,"column":5}},"loc":{"start":{"line":19,"column":11},"end":{"line":22,"column":5}},"line":19},"3":{"name":"validar","decl":{"start":{"line":26,"column":11},"end":{"line":40,"column":5}},"loc":{"start":{"line":26,"column":11},"end":{"line":40,"column":5}},"line":26},"4":{"name":"salvarLancamento","decl":{"start":{"line":45,"column":4},"end":{"line":130,"column":6}},"loc":{"start":{"line":45,"column":4},"end":{"line":130,"column":6}},"line":45},"5":{"name":"vincularLancamentoACategoria","decl":{"start":{"line":47,"column":8},"end":{"line":55,"column":9}},"loc":{"start":{"line":47,"column":8},"end":{"line":55,"column":9}},"line":47},"6":{"name":"vincularLancamentoAPessoa","decl":{"start":{"line":57,"column":8},"end":{"line":64,"column":9}},"loc":{"start":{"line":57,"column":8},"end":{"line":64,"column":9}},"line":57},"7":{"name":"buscarLancamentos","decl":{"start":{"line":132,"column":4},"end":{"line":139,"column":6}},"loc":{"start":{"line":132,"column":4},"end":{"line":139,"column":6}},"line":132},"8":{"name":"buscarLancamentoPorId","decl":{"start":{"line":141,"column":4},"end":{"line":143,"column":6}},"loc":{"start":{"line":141,"column":4},"end":{"line":143,"column":6}},"line":141},"9":{"name":"deletarLancamento","decl":{"start":{"line":145,"column":4},"end":{"line":154,"column":6}},"loc":{"start":{"line":145,"column":4},"end":{"line":154,"column":6}},"line":145},"10":{"name":"alterarLancamentoDespesa","decl":{"start":{"line":156,"column":4},"end":{"line":178,"column":6}},"loc":{"start":{"line":156,"column":4},"end":{"line":178,"column":6}},"line":156},"11":{"name":"alterarLancamentoReceita","decl":{"start":{"line":180,"column":4},"end":{"line":201,"column":6}},"loc":{"start":{"line":180,"column":4},"end":{"line":201,"column":6}},"line":180},"12":{"name":"informarPagamento","decl":{"start":{"line":203,"column":4},"end":{"line":217,"column":5}},"loc":{"start":{"line":203,"column":4},"end":{"line":217,"column":5}},"line":203}},"f":{"0":8,"1":6,"2":5,"3":8,"4":8,"5":2,"6":2,"7":1,"8":1,"9":2,"10":1,"11":3,"12":3}}
,"C:\\Users\\marxc\\Desktop\\api-finan\\src\\controllers\\PessoaController.js": {"path":"C:\\Users\\marxc\\Desktop\\api-finan\\src\\controllers\\PessoaController.js","all":false,"statementMap":{"0":{"start":{"line":1,"column":0},"end":{"line":1,"column":43}},"1":{"start":{"line":2,"column":0},"end":{"line":2,"column":0}},"2":{"start":{"line":3,"column":0},"end":{"line":3,"column":28}},"3":{"start":{"line":4,"column":0},"end":{"line":4,"column":40}},"4":{"start":{"line":5,"column":0},"end":{"line":5,"column":28}},"5":{"start":{"line":6,"column":0},"end":{"line":6,"column":1}},"6":{"start":{"line":7,"column":0},"end":{"line":7,"column":0}},"7":{"start":{"line":8,"column":0},"end":{"line":8,"column":18}},"8":{"start":{"line":9,"column":0},"end":{"line":9,"column":0}},"9":{"start":{"line":10,"column":0},"end":{"line":10,"column":33}},"10":{"start":{"line":11,"column":0},"end":{"line":11,"column":49}},"11":{"start":{"line":12,"column":0},"end":{"line":12,"column":119}},"12":{"start":{"line":13,"column":0},"end":{"line":13,"column":9}},"13":{"start":{"line":14,"column":0},"end":{"line":14,"column":0}},"14":{"start":{"line":15,"column":0},"end":{"line":15,"column":64}},"15":{"start":{"line":16,"column":0},"end":{"line":16,"column":102}},"16":{"start":{"line":17,"column":0},"end":{"line":17,"column":9}},"17":{"start":{"line":18,"column":0},"end":{"line":18,"column":0}},"18":{"start":{"line":19,"column":0},"end":{"line":19,"column":70}},"19":{"start":{"line":20,"column":0},"end":{"line":20,"column":116}},"20":{"start":{"line":21,"column":0},"end":{"line":21,"column":9}},"21":{"start":{"line":22,"column":0},"end":{"line":22,"column":0}},"22":{"start":{"line":23,"column":0},"end":{"line":23,"column":43}},"23":{"start":{"line":24,"column":0},"end":{"line":24,"column":0}},"24":{"start":{"line":25,"column":0},"end":{"line":25,"column":12}},"25":{"start":{"line":26,"column":0},"end":{"line":26,"column":32}},"26":{"start":{"line":27,"column":0},"end":{"line":27,"column":41}},"27":{"start":{"line":28,"column":0},"end":{"line":28,"column":18}},"28":{"start":{"line":29,"column":0},"end":{"line":29,"column":38}},"29":{"start":{"line":30,"column":0},"end":{"line":30,"column":9}},"30":{"start":{"line":31,"column":0},"end":{"line":31,"column":6}},"31":{"start":{"line":32,"column":0},"end":{"line":32,"column":0}},"32":{"start":{"line":33,"column":0},"end":{"line":33,"column":34}},"33":{"start":{"line":34,"column":0},"end":{"line":34,"column":12}},"34":{"start":{"line":35,"column":0},"end":{"line":35,"column":48}},"35":{"start":{"line":36,"column":0},"end":{"line":36,"column":42}},"36":{"start":{"line":37,"column":0},"end":{"line":37,"column":18}},"37":{"start":{"line":38,"column":0},"end":{"line":38,"column":38}},"38":{"start":{"line":39,"column":0},"end":{"line":39,"column":9}},"39":{"start":{"line":40,"column":0},"end":{"line":40,"column":6}},"40":{"start":{"line":41,"column":0},"end":{"line":41,"column":0}},"41":{"start":{"line":42,"column":0},"end":{"line":42,"column":33}},"42":{"start":{"line":43,"column":0},"end":{"line":43,"column":29}},"43":{"start":{"line":44,"column":0},"end":{"line":44,"column":6}},"44":{"start":{"line":45,"column":0},"end":{"line":45,"column":0}},"45":{"start":{"line":46,"column":0},"end":{"line":46,"column":34}},"46":{"start":{"line":47,"column":0},"end":{"line":47,"column":47}},"47":{"start":{"line":48,"column":0},"end":{"line":48,"column":109}},"48":{"start":{"line":49,"column":0},"end":{"line":49,"column":9}},"49":{"start":{"line":50,"column":0},"end":{"line":50,"column":12}},"50":{"start":{"line":51,"column":0},"end":{"line":51,"column":59}},"51":{"start":{"line":52,"column":0},"end":{"line":52,"column":73}},"52":{"start":{"line":53,"column":0},"end":{"line":53,"column":18}},"53":{"start":{"line":54,"column":0},"end":{"line":54,"column":38}},"54":{"start":{"line":55,"column":0},"end":{"line":55,"column":9}},"55":{"start":{"line":56,"column":0},"end":{"line":56,"column":6}},"56":{"start":{"line":57,"column":0},"end":{"line":57,"column":0}},"57":{"start":{"line":58,"column":0},"end":{"line":58,"column":34}},"58":{"start":{"line":59,"column":0},"end":{"line":59,"column":50}},"59":{"start":{"line":60,"column":0},"end":{"line":60,"column":40}},"60":{"start":{"line":61,"column":0},"end":{"line":61,"column":115}},"61":{"start":{"line":62,"column":0},"end":{"line":62,"column":9}},"62":{"start":{"line":63,"column":0},"end":{"line":63,"column":8}},"63":{"start":{"line":64,"column":0},"end":{"line":64,"column":70}},"64":{"start":{"line":65,"column":0},"end":{"line":65,"column":119}},"65":{"start":{"line":66,"column":0},"end":{"line":66,"column":9}},"66":{"start":{"line":67,"column":0},"end":{"line":67,"column":12}},"67":{"start":{"line":68,"column":0},"end":{"line":68,"column":60}},"68":{"start":{"line":69,"column":0},"end":{"line":69,"column":21}},"69":{"start":{"line":70,"column":0},"end":{"line":70,"column":25}},"70":{"start":{"line":71,"column":0},"end":{"line":71,"column":20}},"71":{"start":{"line":72,"column":0},"end":{"line":72,"column":15}},"72":{"start":{"line":73,"column":0},"end":{"line":73,"column":72}},"73":{"start":{"line":74,"column":0},"end":{"line":74,"column":18}},"74":{"start":{"line":75,"column":0},"end":{"line":75,"column":38}},"75":{"start":{"line":76,"column":0},"end":{"line":76,"column":9}},"76":{"start":{"line":77,"column":0},"end":{"line":77,"column":6}},"77":{"start":{"line":78,"column":0},"end":{"line":78,"column":0}},"78":{"start":{"line":79,"column":0},"end":{"line":79,"column":42}},"79":{"start":{"line":80,"column":0},"end":{"line":80,"column":61}},"80":{"start":{"line":81,"column":0},"end":{"line":81,"column":82}},"81":{"start":{"line":82,"column":0},"end":{"line":82,"column":52}},"82":{"start":{"line":83,"column":0},"end":{"line":83,"column":45}},"83":{"start":{"line":84,"column":0},"end":{"line":84,"column":10}},"84":{"start":{"line":85,"column":0},"end":{"line":85,"column":5}},"85":{"start":{"line":86,"column":0},"end":{"line":86,"column":1}}},"s":{"0":1,"1":1,"2":4,"3":4,"4":4,"5":4,"6":1,"7":1,"8":1,"9":1,"10":4,"11":1,"12":1,"13":3,"14":4,"15":1,"16":1,"17":2,"18":4,"19":1,"20":1,"21":1,"22":1,"23":1,"24":4,"25":4,"26":4,"27":4,"28":0,"29":0,"30":4,"31":1,"32":1,"33":1,"34":1,"35":1,"36":1,"37":0,"38":0,"39":1,"40":1,"41":1,"42":1,"43":1,"44":1,"45":1,"46":2,"47":1,"48":1,"49":2,"50":2,"51":2,"52":2,"53":0,"54":0,"55":2,"56":1,"57":1,"58":3,"59":3,"60":1,"61":1,"62":2,"63":3,"64":1,"65":1,"66":3,"67":3,"68":3,"69":3,"70":3,"71":3,"72":3,"73":3,"74":0,"75":0,"76":3,"77":1,"78":1,"79":2,"80":2,"81":2,"82":2,"83":2,"84":2,"85":1},"branchMap":{"0":{"type":"branch","line":3,"loc":{"start":{"line":3,"column":0},"end":{"line":6,"column":1}},"locations":[{"start":{"line":3,"column":0},"end":{"line":6,"column":1}}]},"1":{"type":"branch","line":10,"loc":{"start":{"line":10,"column":4},"end":{"line":31,"column":6}},"locations":[{"start":{"line":10,"column":4},"end":{"line":31,"column":6}}]},"2":{"type":"branch","line":11,"loc":{"start":{"line":11,"column":11},"end":{"line":11,"column":48}},"locations":[{"start":{"line":11,"column":11},"end":{"line":11,"column":48}}]},"3":{"type":"branch","line":11,"loc":{"start":{"line":11,"column":48},"end":{"line":13,"column":9}},"locations":[{"start":{"line":11,"column":48},"end":{"line":13,"column":9}}]},"4":{"type":"branch","line":14,"loc":{"start":{"line":14,"column":-2},"end":{"line":15,"column":11}},"locations":[{"start":{"line":14,"column":-2},"end":{"line":15,"column":11}}]},"5":{"type":"branch","line":15,"loc":{"start":{"line":15,"column":63},"end":{"line":17,"column":9}},"locations":[{"start":{"line":15,"column":63},"end":{"line":17,"column":9}}]},"6":{"type":"branch","line":18,"loc":{"start":{"line":18,"column":-2},"end":{"line":19,"column":69}},"locations":[{"start":{"line":18,"column":-2},"end":{"line":19,"column":69}}]},"7":{"type":"branch","line":19,"loc":{"start":{"line":19,"column":69},"end":{"line":25,"column":11}},"locations":[{"start":{"line":19,"column":69},"end":{"line":25,"column":11}}]},"8":{"type":"branch","line":28,"loc":{"start":{"line":28,"column":9},"end":{"line":30,"column":9}},"locations":[{"start":{"line":28,"column":9},"end":{"line":30,"column":9}}]},"9":{"type":"branch","line":33,"loc":{"start":{"line":33,"column":4},"end":{"line":40,"column":6}},"locations":[{"start":{"line":33,"column":4},"end":{"line":40,"column":6}}]},"10":{"type":"branch","line":37,"loc":{"start":{"line":37,"column":9},"end":{"line":39,"column":9}},"locations":[{"start":{"line":37,"column":9},"end":{"line":39,"column":9}}]},"11":{"type":"branch","line":42,"loc":{"start":{"line":42,"column":4},"end":{"line":44,"column":6}},"locations":[{"start":{"line":42,"column":4},"end":{"line":44,"column":6}}]},"12":{"type":"branch","line":46,"loc":{"start":{"line":46,"column":4},"end":{"line":56,"column":6}},"locations":[{"start":{"line":46,"column":4},"end":{"line":56,"column":6}}]},"13":{"type":"branch","line":47,"loc":{"start":{"line":47,"column":46},"end":{"line":50,"column":11}},"locations":[{"start":{"line":47,"column":46},"end":{"line":50,"column":11}}]},"14":{"type":"branch","line":53,"loc":{"start":{"line":53,"column":9},"end":{"line":55,"column":9}},"locations":[{"start":{"line":53,"column":9},"end":{"line":55,"column":9}}]},"15":{"type":"branch","line":58,"loc":{"start":{"line":58,"column":4},"end":{"line":77,"column":6}},"locations":[{"start":{"line":58,"column":4},"end":{"line":77,"column":6}}]},"16":{"type":"branch","line":60,"loc":{"start":{"line":60,"column":11},"end":{"line":60,"column":33}},"locations":[{"start":{"line":60,"column":11},"end":{"line":60,"column":33}}]},"17":{"type":"branch","line":60,"loc":{"start":{"line":60,"column":11},"end":{"line":60,"column":39}},"locations":[{"start":{"line":60,"column":11},"end":{"line":60,"column":39}}]},"18":{"type":"branch","line":60,"loc":{"start":{"line":60,"column":39},"end":{"line":62,"column":9}},"locations":[{"start":{"line":60,"column":39},"end":{"line":62,"column":9}}]},"19":{"type":"branch","line":63,"loc":{"start":{"line":63,"column":-2},"end":{"line":64,"column":69}},"locations":[{"start":{"line":63,"column":-2},"end":{"line":64,"column":69}}]},"20":{"type":"branch","line":64,"loc":{"start":{"line":64,"column":69},"end":{"line":67,"column":11}},"locations":[{"start":{"line":64,"column":69},"end":{"line":67,"column":11}}]},"21":{"type":"branch","line":74,"loc":{"start":{"line":74,"column":9},"end":{"line":76,"column":9}},"locations":[{"start":{"line":74,"column":9},"end":{"line":76,"column":9}}]},"22":{"type":"branch","line":79,"loc":{"start":{"line":79,"column":4},"end":{"line":85,"column":5}},"locations":[{"start":{"line":79,"column":4},"end":{"line":85,"column":5}}]}},"b":{"0":[4],"1":[4],"2":[3],"3":[1],"4":[3],"5":[1],"6":[2],"7":[1],"8":[0],"9":[1],"10":[0],"11":[1],"12":[2],"13":[1],"14":[0],"15":[3],"16":[2],"17":[2],"18":[1],"19":[2],"20":[1],"21":[0],"22":[2]},"fnMap":{"0":{"name":"regExpPessoa","decl":{"start":{"line":3,"column":0},"end":{"line":6,"column":1}},"loc":{"start":{"line":3,"column":0},"end":{"line":6,"column":1}},"line":3},"1":{"name":"salvarPessoa","decl":{"start":{"line":10,"column":4},"end":{"line":31,"column":6}},"loc":{"start":{"line":10,"column":4},"end":{"line":31,"column":6}},"line":10},"2":{"name":"buscarPessoas","decl":{"start":{"line":33,"column":4},"end":{"line":40,"column":6}},"loc":{"start":{"line":33,"column":4},"end":{"line":40,"column":6}},"line":33},"3":{"name":"buscarPessoasPorId","decl":{"start":{"line":42,"column":4},"end":{"line":44,"column":6}},"loc":{"start":{"line":42,"column":4},"end":{"line":44,"column":6}},"line":42},"4":{"name":"deletarPessoa","decl":{"start":{"line":46,"column":4},"end":{"line":56,"column":6}},"loc":{"start":{"line":46,"column":4},"end":{"line":56,"column":6}},"line":46},"5":{"name":"alterarPessoa","decl":{"start":{"line":58,"column":4},"end":{"line":77,"column":6}},"loc":{"start":{"line":58,"column":4},"end":{"line":77,"column":6}},"line":58},"6":{"name":"removerLancamentoId","decl":{"start":{"line":79,"column":4},"end":{"line":85,"column":5}},"loc":{"start":{"line":79,"column":4},"end":{"line":85,"column":5}},"line":79}},"f":{"0":4,"1":4,"2":1,"3":1,"4":2,"5":3,"6":2}}
,"C:\\Users\\marxc\\Desktop\\api-finan\\src\\controllers\\UsuarioController.js": {"path":"C:\\Users\\marxc\\Desktop\\api-finan\\src\\controllers\\UsuarioController.js","all":false,"statementMap":{"0":{"start":{"line":1,"column":0},"end":{"line":1,"column":45}},"1":{"start":{"line":2,"column":0},"end":{"line":2,"column":33}},"2":{"start":{"line":3,"column":0},"end":{"line":3,"column":36}},"3":{"start":{"line":4,"column":0},"end":{"line":4,"column":0}},"4":{"start":{"line":5,"column":0},"end":{"line":5,"column":28}},"5":{"start":{"line":6,"column":0},"end":{"line":6,"column":71}},"6":{"start":{"line":7,"column":0},"end":{"line":7,"column":1}},"7":{"start":{"line":8,"column":0},"end":{"line":8,"column":0}},"8":{"start":{"line":9,"column":0},"end":{"line":9,"column":18}},"9":{"start":{"line":10,"column":0},"end":{"line":10,"column":36}},"10":{"start":{"line":11,"column":0},"end":{"line":11,"column":13}},"11":{"start":{"line":12,"column":0},"end":{"line":12,"column":49}},"12":{"start":{"line":13,"column":0},"end":{"line":13,"column":42}},"13":{"start":{"line":14,"column":0},"end":{"line":14,"column":21}},"14":{"start":{"line":15,"column":0},"end":{"line":15,"column":39}},"15":{"start":{"line":16,"column":0},"end":{"line":16,"column":9}},"16":{"start":{"line":17,"column":0},"end":{"line":17,"column":6}},"17":{"start":{"line":18,"column":0},"end":{"line":18,"column":0}},"18":{"start":{"line":19,"column":0},"end":{"line":19,"column":35}},"19":{"start":{"line":20,"column":0},"end":{"line":20,"column":29}},"20":{"start":{"line":21,"column":0},"end":{"line":21,"column":6}},"21":{"start":{"line":22,"column":0},"end":{"line":22,"column":0}},"22":{"start":{"line":23,"column":0},"end":{"line":23,"column":35}},"23":{"start":{"line":24,"column":0},"end":{"line":24,"column":48}},"24":{"start":{"line":25,"column":0},"end":{"line":25,"column":0}},"25":{"start":{"line":26,"column":0},"end":{"line":26,"column":40}},"26":{"start":{"line":27,"column":0},"end":{"line":27,"column":121}},"27":{"start":{"line":28,"column":0},"end":{"line":28,"column":9}},"28":{"start":{"line":29,"column":0},"end":{"line":29,"column":0}},"29":{"start":{"line":30,"column":0},"end":{"line":30,"column":47}},"30":{"start":{"line":31,"column":0},"end":{"line":31,"column":98}},"31":{"start":{"line":32,"column":0},"end":{"line":32,"column":9}},"32":{"start":{"line":33,"column":0},"end":{"line":33,"column":0}},"33":{"start":{"line":34,"column":0},"end":{"line":34,"column":49}},"34":{"start":{"line":35,"column":0},"end":{"line":35,"column":0}},"35":{"start":{"line":36,"column":0},"end":{"line":36,"column":66}},"36":{"start":{"line":37,"column":0},"end":{"line":37,"column":0}},"37":{"start":{"line":38,"column":0},"end":{"line":38,"column":13}},"38":{"start":{"line":39,"column":0},"end":{"line":39,"column":33}},"39":{"start":{"line":40,"column":0},"end":{"line":40,"column":38}},"40":{"start":{"line":41,"column":0},"end":{"line":41,"column":34}},"41":{"start":{"line":42,"column":0},"end":{"line":42,"column":24}},"42":{"start":{"line":43,"column":0},"end":{"line":43,"column":53}},"43":{"start":{"line":44,"column":0},"end":{"line":44,"column":14}},"44":{"start":{"line":45,"column":0},"end":{"line":45,"column":21}},"45":{"start":{"line":46,"column":0},"end":{"line":46,"column":40}},"46":{"start":{"line":47,"column":0},"end":{"line":47,"column":9}},"47":{"start":{"line":48,"column":0},"end":{"line":48,"column":6}},"48":{"start":{"line":49,"column":0},"end":{"line":49,"column":0}},"49":{"start":{"line":50,"column":0},"end":{"line":50,"column":36}},"50":{"start":{"line":51,"column":0},"end":{"line":51,"column":13}},"51":{"start":{"line":52,"column":0},"end":{"line":52,"column":60}},"52":{"start":{"line":53,"column":0},"end":{"line":53,"column":75}},"53":{"start":{"line":54,"column":0},"end":{"line":54,"column":21}},"54":{"start":{"line":55,"column":0},"end":{"line":55,"column":39}},"55":{"start":{"line":56,"column":0},"end":{"line":56,"column":9}},"56":{"start":{"line":57,"column":0},"end":{"line":57,"column":6}},"57":{"start":{"line":58,"column":0},"end":{"line":58,"column":0}},"58":{"start":{"line":59,"column":0},"end":{"line":59,"column":34}},"59":{"start":{"line":60,"column":0},"end":{"line":60,"column":42}},"60":{"start":{"line":61,"column":0},"end":{"line":61,"column":0}},"61":{"start":{"line":62,"column":0},"end":{"line":62,"column":31}},"62":{"start":{"line":63,"column":0},"end":{"line":63,"column":118}},"63":{"start":{"line":64,"column":0},"end":{"line":64,"column":9}},"64":{"start":{"line":65,"column":0},"end":{"line":65,"column":0}},"65":{"start":{"line":66,"column":0},"end":{"line":66,"column":13}},"66":{"start":{"line":67,"column":0},"end":{"line":67,"column":77}},"67":{"start":{"line":68,"column":0},"end":{"line":68,"column":0}},"68":{"start":{"line":69,"column":0},"end":{"line":69,"column":27}},"69":{"start":{"line":70,"column":0},"end":{"line":70,"column":99}},"70":{"start":{"line":71,"column":0},"end":{"line":71,"column":13}},"71":{"start":{"line":72,"column":0},"end":{"line":72,"column":0}},"72":{"start":{"line":73,"column":0},"end":{"line":73,"column":62}},"73":{"start":{"line":74,"column":0},"end":{"line":74,"column":73}},"74":{"start":{"line":75,"column":0},"end":{"line":75,"column":13}},"75":{"start":{"line":76,"column":0},"end":{"line":76,"column":0}},"76":{"start":{"line":77,"column":0},"end":{"line":77,"column":38}},"77":{"start":{"line":78,"column":0},"end":{"line":78,"column":0}},"78":{"start":{"line":79,"column":0},"end":{"line":79,"column":34}},"79":{"start":{"line":80,"column":0},"end":{"line":80,"column":24}},"80":{"start":{"line":81,"column":0},"end":{"line":81,"column":53}},"81":{"start":{"line":82,"column":0},"end":{"line":82,"column":14}},"82":{"start":{"line":83,"column":0},"end":{"line":83,"column":21}},"83":{"start":{"line":84,"column":0},"end":{"line":84,"column":37}},"84":{"start":{"line":85,"column":0},"end":{"line":85,"column":9}},"85":{"start":{"line":86,"column":0},"end":{"line":86,"column":5}},"86":{"start":{"line":87,"column":0},"end":{"line":87,"column":1}}},"s":{"0":1,"1":1,"2":1,"3":1,"4":2,"5":2,"6":2,"7":1,"8":1,"9":1,"10":1,"11":1,"12":1,"13":1,"14":0,"15":0,"16":1,"17":1,"18":1,"19":1,"20":1,"21":1,"22":1,"23":3,"24":3,"25":3,"26":1,"27":1,"28":2,"29":3,"30":1,"31":1,"32":1,"33":1,"34":1,"35":1,"36":1,"37":3,"38":3,"39":3,"40":3,"41":3,"42":3,"43":3,"44":3,"45":0,"46":0,"47":3,"48":1,"49":1,"50":1,"51":1,"52":1,"53":1,"54":0,"55":0,"56":1,"57":1,"58":1,"59":4,"60":4,"61":4,"62":1,"63":1,"64":3,"65":3,"66":3,"67":3,"68":4,"69":1,"70":1,"71":2,"72":4,"73":4,"74":4,"75":4,"76":4,"77":4,"78":4,"79":4,"80":4,"81":4,"82":4,"83":0,"84":0,"85":4,"86":1},"branchMap":{"0":{"type":"branch","line":5,"loc":{"start":{"line":5,"column":0},"end":{"line":7,"column":1}},"locations":[{"start":{"line":5,"column":0},"end":{"line":7,"column":1}}]},"1":{"type":"branch","line":10,"loc":{"start":{"line":10,"column":4},"end":{"line":17,"column":6}},"locations":[{"start":{"line":10,"column":4},"end":{"line":17,"column":6}}]},"2":{"type":"branch","line":14,"loc":{"start":{"line":14,"column":10},"end":{"line":16,"column":9}},"locations":[{"start":{"line":14,"column":10},"end":{"line":16,"column":9}}]},"3":{"type":"branch","line":19,"loc":{"start":{"line":19,"column":5},"end":{"line":21,"column":6}},"locations":[{"start":{"line":19,"column":5},"end":{"line":21,"column":6}}]},"4":{"type":"branch","line":23,"loc":{"start":{"line":23,"column":4},"end":{"line":48,"column":6}},"locations":[{"start":{"line":23,"column":4},"end":{"line":48,"column":6}}]},"5":{"type":"branch","line":26,"loc":{"start":{"line":26,"column":12},"end":{"line":26,"column":31}},"locations":[{"start":{"line":26,"column":12},"end":{"line":26,"column":31}}]},"6":{"type":"branch","line":26,"loc":{"start":{"line":26,"column":12},"end":{"line":26,"column":39}},"locations":[{"start":{"line":26,"column":12},"end":{"line":26,"column":39}}]},"7":{"type":"branch","line":26,"loc":{"start":{"line":26,"column":39},"end":{"line":28,"column":9}},"locations":[{"start":{"line":26,"column":39},"end":{"line":28,"column":9}}]},"8":{"type":"branch","line":29,"loc":{"start":{"line":29,"column":-2},"end":{"line":30,"column":12}},"locations":[{"start":{"line":29,"column":-2},"end":{"line":30,"column":12}}]},"9":{"type":"branch","line":30,"loc":{"start":{"line":30,"column":46},"end":{"line":38,"column":12}},"locations":[{"start":{"line":30,"column":46},"end":{"line":38,"column":12}}]},"10":{"type":"branch","line":45,"loc":{"start":{"line":45,"column":10},"end":{"line":47,"column":9}},"locations":[{"start":{"line":45,"column":10},"end":{"line":47,"column":9}}]},"11":{"type":"branch","line":50,"loc":{"start":{"line":50,"column":4},"end":{"line":57,"column":6}},"locations":[{"start":{"line":50,"column":4},"end":{"line":57,"column":6}}]},"12":{"type":"branch","line":54,"loc":{"start":{"line":54,"column":10},"end":{"line":56,"column":9}},"locations":[{"start":{"line":54,"column":10},"end":{"line":56,"column":9}}]},"13":{"type":"branch","line":59,"loc":{"start":{"line":59,"column":4},"end":{"line":86,"column":5}},"locations":[{"start":{"line":59,"column":4},"end":{"line":86,"column":5}}]},"14":{"type":"branch","line":62,"loc":{"start":{"line":62,"column":12},"end":{"line":62,"column":30}},"locations":[{"start":{"line":62,"column":12},"end":{"line":62,"column":30}}]},"15":{"type":"branch","line":62,"loc":{"start":{"line":62,"column":30},"end":{"line":64,"column":9}},"locations":[{"start":{"line":62,"column":30},"end":{"line":64,"column":9}}]},"16":{"type":"branch","line":65,"loc":{"start":{"line":65,"column":-2},"end":{"line":69,"column":16}},"locations":[{"start":{"line":65,"column":-2},"end":{"line":69,"column":16}}]},"17":{"type":"branch","line":69,"loc":{"start":{"line":69,"column":26},"end":{"line":71,"column":13}},"locations":[{"start":{"line":69,"column":26},"end":{"line":71,"column":13}}]},"18":{"type":"branch","line":72,"loc":{"start":{"line":72,"column":-2},"end":{"line":73,"column":16}},"locations":[{"start":{"line":72,"column":-2},"end":{"line":73,"column":16}}]},"19":{"type":"branch","line":83,"loc":{"start":{"line":83,"column":10},"end":{"line":85,"column":9}},"locations":[{"start":{"line":83,"column":10},"end":{"line":85,"column":9}}]}},"b":{"0":[2],"1":[1],"2":[0],"3":[1],"4":[3],"5":[2],"6":[2],"7":[1],"8":[2],"9":[1],"10":[0],"11":[1],"12":[0],"13":[4],"14":[3],"15":[1],"16":[3],"17":[1],"18":[2],"19":[0]},"fnMap":{"0":{"name":"gerarToken","decl":{"start":{"line":5,"column":0},"end":{"line":7,"column":1}},"loc":{"start":{"line":5,"column":0},"end":{"line":7,"column":1}},"line":5},"1":{"name":"buscarUsuarios","decl":{"start":{"line":10,"column":4},"end":{"line":17,"column":6}},"loc":{"start":{"line":10,"column":4},"end":{"line":17,"column":6}},"line":10},"2":{"name":"buscarUsuarioPorId","decl":{"start":{"line":19,"column":5},"end":{"line":21,"column":6}},"loc":{"start":{"line":19,"column":5},"end":{"line":21,"column":6}},"line":19},"3":{"name":"salvarUsuario","decl":{"start":{"line":23,"column":4},"end":{"line":48,"column":6}},"loc":{"start":{"line":23,"column":4},"end":{"line":48,"column":6}},"line":23},"4":{"name":"deletarUsuario","decl":{"start":{"line":50,"column":4},"end":{"line":57,"column":6}},"loc":{"start":{"line":50,"column":4},"end":{"line":57,"column":6}},"line":50},"5":{"name":"loginUsuario","decl":{"start":{"line":59,"column":4},"end":{"line":86,"column":5}},"loc":{"start":{"line":59,"column":4},"end":{"line":86,"column":5}},"line":59}},"f":{"0":2,"1":1,"2":1,"3":3,"4":1,"5":4}}
,"C:\\Users\\marxc\\Desktop\\api-finan\\src\\database\\database.js": {"path":"C:\\Users\\marxc\\Desktop\\api-finan\\src\\database\\database.js","all":false,"statementMap":{"0":{"start":{"line":1,"column":0},"end":{"line":1,"column":37}},"1":{"start":{"line":2,"column":0},"end":{"line":2,"column":0}},"2":{"start":{"line":3,"column":0},"end":{"line":3,"column":22}},"3":{"start":{"line":4,"column":0},"end":{"line":4,"column":46}},"4":{"start":{"line":5,"column":0},"end":{"line":5,"column":0}},"5":{"start":{"line":6,"column":0},"end":{"line":6,"column":35}},"6":{"start":{"line":7,"column":0},"end":{"line":7,"column":44}},"7":{"start":{"line":8,"column":0},"end":{"line":8,"column":82}},"8":{"start":{"line":9,"column":0},"end":{"line":9,"column":1}},"9":{"start":{"line":10,"column":0},"end":{"line":10,"column":0}},"10":{"start":{"line":11,"column":0},"end":{"line":11,"column":25}},"11":{"start":{"line":12,"column":0},"end":{"line":12,"column":25}},"12":{"start":{"line":13,"column":0},"end":{"line":13,"column":1}},"13":{"start":{"line":14,"column":0},"end":{"line":14,"column":45}}},"s":{"0":1,"1":1,"2":1,"3":1,"4":1,"5":1,"6":1,"7":1,"8":1,"9":1,"10":1,"11":1,"12":1,"13":1},"branchMap":{"0":{"type":"branch","line":3,"loc":{"start":{"line":3,"column":0},"end":{"line":9,"column":1}},"locations":[{"start":{"line":3,"column":0},"end":{"line":9,"column":1}}]},"1":{"type":"branch","line":8,"loc":{"start":{"line":8,"column":20},"end":{"line":8,"column":33}},"locations":[{"start":{"line":8,"column":20},"end":{"line":8,"column":33}}]},"2":{"type":"branch","line":11,"loc":{"start":{"line":11,"column":0},"end":{"line":13,"column":1}},"locations":[{"start":{"line":11,"column":0},"end":{"line":13,"column":1}}]}},"b":{"0":[1],"1":[1],"2":[1]},"fnMap":{"0":{"name":"conectarDB","decl":{"start":{"line":3,"column":0},"end":{"line":9,"column":1}},"loc":{"start":{"line":3,"column":0},"end":{"line":9,"column":1}},"line":3},"1":{"name":"desconectarDB","decl":{"start":{"line":11,"column":0},"end":{"line":13,"column":1}},"loc":{"start":{"line":11,"column":0},"end":{"line":13,"column":1}},"line":11}},"f":{"0":1,"1":1}}
,"C:\\Users\\marxc\\Desktop\\api-finan\\src\\middlewares\\AuthMiddleware.js": {"path":"C:\\Users\\marxc\\Desktop\\api-finan\\src\\middlewares\\AuthMiddleware.js","all":false,"statementMap":{"0":{"start":{"line":1,"column":0},"end":{"line":1,"column":36}},"1":{"start":{"line":2,"column":0},"end":{"line":2,"column":0}},"2":{"start":{"line":3,"column":0},"end":{"line":3,"column":38}},"3":{"start":{"line":4,"column":0},"end":{"line":4,"column":93}},"4":{"start":{"line":5,"column":0},"end":{"line":5,"column":22}},"5":{"start":{"line":6,"column":0},"end":{"line":6,"column":5}},"6":{"start":{"line":7,"column":0},"end":{"line":7,"column":49}},"7":{"start":{"line":8,"column":0},"end":{"line":8,"column":21}},"8":{"start":{"line":9,"column":0},"end":{"line":9,"column":73}},"9":{"start":{"line":10,"column":0},"end":{"line":10,"column":5}},"10":{"start":{"line":11,"column":0},"end":{"line":11,"column":0}},"11":{"start":{"line":12,"column":0},"end":{"line":12,"column":52}},"12":{"start":{"line":13,"column":0},"end":{"line":13,"column":0}},"13":{"start":{"line":14,"column":0},"end":{"line":14,"column":38}},"14":{"start":{"line":15,"column":0},"end":{"line":15,"column":74}},"15":{"start":{"line":16,"column":0},"end":{"line":16,"column":5}},"16":{"start":{"line":17,"column":0},"end":{"line":17,"column":48}},"17":{"start":{"line":18,"column":0},"end":{"line":18,"column":0}},"18":{"start":{"line":19,"column":0},"end":{"line":19,"column":34}},"19":{"start":{"line":20,"column":0},"end":{"line":20,"column":73}},"20":{"start":{"line":21,"column":0},"end":{"line":21,"column":5}},"21":{"start":{"line":22,"column":0},"end":{"line":22,"column":0}},"22":{"start":{"line":23,"column":0},"end":{"line":23,"column":66}},"23":{"start":{"line":24,"column":0},"end":{"line":24,"column":73}},"24":{"start":{"line":25,"column":0},"end":{"line":25,"column":34}},"25":{"start":{"line":26,"column":0},"end":{"line":26,"column":22}},"26":{"start":{"line":27,"column":0},"end":{"line":27,"column":6}},"27":{"start":{"line":28,"column":0},"end":{"line":28,"column":1}}},"s":{"0":1,"1":1,"2":1,"3":65,"4":7,"5":7,"6":58,"7":65,"8":1,"9":1,"10":57,"11":57,"12":57,"13":65,"14":1,"15":1,"16":56,"17":56,"18":65,"19":1,"20":1,"21":55,"22":55,"23":55,"24":54,"25":54,"26":54,"27":55},"branchMap":{"0":{"type":"branch","line":3,"loc":{"start":{"line":3,"column":17},"end":{"line":28,"column":1}},"locations":[{"start":{"line":3,"column":17},"end":{"line":28,"column":1}}]},"1":{"type":"branch","line":4,"loc":{"start":{"line":4,"column":7},"end":{"line":4,"column":76}},"locations":[{"start":{"line":4,"column":7},"end":{"line":4,"column":76}}]},"2":{"type":"branch","line":4,"loc":{"start":{"line":4,"column":7},"end":{"line":4,"column":92}},"locations":[{"start":{"line":4,"column":7},"end":{"line":4,"column":92}}]},"3":{"type":"branch","line":4,"loc":{"start":{"line":4,"column":92},"end":{"line":6,"column":5}},"locations":[{"start":{"line":4,"column":92},"end":{"line":6,"column":5}}]},"4":{"type":"branch","line":7,"loc":{"start":{"line":7,"column":-2},"end":{"line":8,"column":7}},"locations":[{"start":{"line":7,"column":-2},"end":{"line":8,"column":7}}]},"5":{"type":"branch","line":8,"loc":{"start":{"line":8,"column":20},"end":{"line":10,"column":5}},"locations":[{"start":{"line":8,"column":20},"end":{"line":10,"column":5}}]},"6":{"type":"branch","line":11,"loc":{"start":{"line":11,"column":-2},"end":{"line":14,"column":7}},"locations":[{"start":{"line":11,"column":-2},"end":{"line":14,"column":7}}]},"7":{"type":"branch","line":14,"loc":{"start":{"line":14,"column":37},"end":{"line":16,"column":5}},"locations":[{"start":{"line":14,"column":37},"end":{"line":16,"column":5}}]},"8":{"type":"branch","line":17,"loc":{"start":{"li
[...]
,"C:\\Users\\marxc\\Desktop\\api-finan\\src\\middlewares\\PessoaMiddleware.js": {"path":"C:\\Users\\marxc\\Desktop\\api-finan\\src\\middlewares\\PessoaMiddleware.js","all":false,"statementMap":{"0":{"start":{"line":1,"column":0},"end":{"line":1,"column":43}},"1":{"start":{"line":2,"column":0},"end":{"line":2,"column":0}},"2":{"start":{"line":3,"column":0},"end":{"line":3,"column":18}},"3":{"start":{"line":4,"column":0},"end":{"line":4,"column":41}},"4":{"start":{"line":5,"column":0},"end":{"line":5,"column":38}},"5":{"start":{"line":6,"column":0},"end":{"line":6,"column":34}},"6":{"start":{"line":7,"column":0},"end":{"line":7,"column":74}},"7":{"start":{"line":8,"column":0},"end":{"line":8,"column":9}},"8":{"start":{"line":9,"column":0},"end":{"line":9,"column":12}},"9":{"start":{"line":10,"column":0},"end":{"line":10,"column":59}},"10":{"start":{"line":11,"column":0},"end":{"line":11,"column":32}},"11":{"start":{"line":12,"column":0},"end":{"line":12,"column":93}},"12":{"start":{"line":13,"column":0},"end":{"line":13,"column":13}},"13":{"start":{"line":14,"column":0},"end":{"line":14,"column":32}},"14":{"start":{"line":15,"column":0},"end":{"line":15,"column":19}},"15":{"start":{"line":16,"column":0},"end":{"line":16,"column":18}},"16":{"start":{"line":17,"column":0},"end":{"line":17,"column":38}},"17":{"start":{"line":18,"column":0},"end":{"line":18,"column":9}},"18":{"start":{"line":19,"column":0},"end":{"line":19,"column":5}},"19":{"start":{"line":20,"column":0},"end":{"line":20,"column":1}}},"s":{"0":1,"1":1,"2":1,"3":1,"4":9,"5":9,"6":1,"7":1,"8":8,"9":9,"10":9,"11":1,"12":1,"13":9,"14":9,"15":9,"16":1,"17":1,"18":9,"19":1},"branchMap":{"0":{"type":"branch","line":4,"loc":{"start":{"line":4,"column":4},"end":{"line":19,"column":5}},"locations":[{"start":{"line":4,"column":4},"end":{"line":19,"column":5}}]},"1":{"type":"branch","line":6,"loc":{"start":{"line":6,"column":33},"end":{"line":8,"column":9}},"locations":[{"start":{"line":6,"column":33},"end":{"line":8,"column":9}}]},"2":{"type":"branch","line":9,"loc":{"start":{"line":9,"column":-2},"end":{"line":10,"column":18}},"locations":[{"start":{"line":9,"column":-2},"end":{"line":10,"column":18}}]},"3":{"type":"branch","line":10,"loc":{"start":{"line":10,"column":12},"end":{"line":11,"column":15}},"locations":[{"start":{"line":10,"column":12},"end":{"line":11,"column":15}}]},"4":{"type":"branch","line":11,"loc":{"start":{"line":11,"column":31},"end":{"line":13,"column":13}},"locations":[{"start":{"line":11,"column":31},"end":{"line":13,"column":13}}]},"5":{"type":"branch","line":16,"loc":{"start":{"line":16,"column":9},"end":{"line":18,"column":9}},"locations":[{"start":{"line":16,"column":9},"end":{"line":18,"column":9}}]}},"b":{"0":[9],"1":[1],"2":[8],"3":[7],"4":[1],"5":[1]},"fnMap":{"0":{"name":"validarPessoa","decl":{"start":{"line":4,"column":4},"end":{"line":19,"column":5}},"loc":{"start":{"line":4,"column":4},"end":{"line":19,"column":5}},"line":4}},"f":{"0":9}}
,"C:\\Users\\marxc\\Desktop\\api-finan\\src\\middlewares\\UsuarioMiddleware.js": {"path":"C:\\Users\\marxc\\Desktop\\api-finan\\src\\middlewares\\UsuarioMiddleware.js","all":false,"statementMap":{"0":{"start":{"line":1,"column":0},"end":{"line":1,"column":45}},"1":{"start":{"line":2,"column":0},"end":{"line":2,"column":0}},"2":{"start":{"line":3,"column":0},"end":{"line":3,"column":18}},"3":{"start":{"line":4,"column":0},"end":{"line":4,"column":42}},"4":{"start":{"line":5,"column":0},"end":{"line":5,"column":39}},"5":{"start":{"line":6,"column":0},"end":{"line":6,"column":35}},"6":{"start":{"line":7,"column":0},"end":{"line":7,"column":74}},"7":{"start":{"line":8,"column":0},"end":{"line":8,"column":9}},"8":{"start":{"line":9,"column":0},"end":{"line":9,"column":12}},"9":{"start":{"line":10,"column":0},"end":{"line":10,"column":62}},"10":{"start":{"line":11,"column":0},"end":{"line":11,"column":33}},"11":{"start":{"line":12,"column":0},"end":{"line":12,"column":93}},"12":{"start":{"line":13,"column":0},"end":{"line":13,"column":13}},"13":{"start":{"line":14,"column":0},"end":{"line":14,"column":34}},"14":{"start":{"line":15,"column":0},"end":{"line":15,"column":19}},"15":{"start":{"line":16,"column":0},"end":{"line":16,"column":18}},"16":{"start":{"line":17,"column":0},"end":{"line":17,"column":38}},"17":{"start":{"line":18,"column":0},"end":{"line":18,"column":9}},"18":{"start":{"line":19,"column":0},"end":{"line":19,"column":5}},"19":{"start":{"line":20,"column":0},"end":{"line":20,"column":1}}},"s":{"0":1,"1":1,"2":1,"3":1,"4":5,"5":5,"6":1,"7":1,"8":4,"9":5,"10":5,"11":1,"12":1,"13":5,"14":5,"15":5,"16":1,"17":1,"18":5,"19":1},"branchMap":{"0":{"type":"branch","line":4,"loc":{"start":{"line":4,"column":4},"end":{"line":19,"column":5}},"locations":[{"start":{"line":4,"column":4},"end":{"line":19,"column":5}}]},"1":{"type":"branch","line":6,"loc":{"start":{"line":6,"column":34},"end":{"line":8,"column":9}},"locations":[{"start":{"line":6,"column":34},"end":{"line":8,"column":9}}]},"2":{"type":"branch","line":9,"loc":{"start":{"line":9,"column":-2},"end":{"line":10,"column":18}},"locations":[{"start":{"line":9,"column":-2},"end":{"line":10,"column":18}}]},"3":{"type":"branch","line":10,"loc":{"start":{"line":10,"column":12},"end":{"line":11,"column":15}},"locations":[{"start":{"line":10,"column":12},"end":{"line":11,"column":15}}]},"4":{"type":"branch","line":11,"loc":{"start":{"line":11,"column":32},"end":{"line":13,"column":13}},"locations":[{"start":{"line":11,"column":32},"end":{"line":13,"column":13}}]},"5":{"type":"branch","line":16,"loc":{"start":{"line":16,"column":9},"end":{"line":18,"column":9}},"locations":[{"start":{"line":16,"column":9},"end":{"line":18,"column":9}}]}},"b":{"0":[5],"1":[1],"2":[4],"3":[3],"4":[1],"5":[1]},"fnMap":{"0":{"name":"validarUsuario","decl":{"start":{"line":4,"column":4},"end":{"line":19,"column":5}},"loc":{"start":{"line":4,"column":4},"end":{"line":19,"column":5}},"line":4}},"f":{"0":5}}
,"C:\\Users\\marxc\\Desktop\\api-finan\\src\\models\\Categoria.js": {"path":"C:\\Users\\marxc\\Desktop\\api-finan\\src\\models\\Categoria.js","all":false,"statementMap":{"0":{"start":{"line":1,"column":0},"end":{"line":1,"column":37}},"1":{"start":{"line":2,"column":0},"end":{"line":2,"column":0}},"2":{"start":{"line":3,"column":0},"end":{"line":3,"column":40}},"3":{"start":{"line":4,"column":0},"end":{"line":4,"column":16}},"4":{"start":{"line":5,"column":0},"end":{"line":5,"column":21}},"5":{"start":{"line":6,"column":0},"end":{"line":6,"column":23}},"6":{"start":{"line":7,"column":0},"end":{"line":7,"column":6}},"7":{"start":{"line":8,"column":0},"end":{"line":8,"column":11}},"8":{"start":{"line":9,"column":0},"end":{"line":9,"column":21}},"9":{"start":{"line":10,"column":0},"end":{"line":10,"column":23}},"10":{"start":{"line":11,"column":0},"end":{"line":11,"column":6}},"11":{"start":{"line":12,"column":0},"end":{"line":12,"column":20}},"12":{"start":{"line":13,"column":0},"end":{"line":13,"column":45}},"13":{"start":{"line":14,"column":0},"end":{"line":14,"column":26}},"14":{"start":{"line":15,"column":0},"end":{"line":15,"column":6}},"15":{"start":{"line":16,"column":0},"end":{"line":16,"column":2}},"16":{"start":{"line":17,"column":0},"end":{"line":17,"column":0}},"17":{"start":{"line":18,"column":0},"end":{"line":18,"column":61}}},"s":{"0":1,"1":1,"2":1,"3":1,"4":1,"5":1,"6":1,"7":1,"8":1,"9":1,"10":1,"11":1,"12":1,"13":1,"14":1,"15":1,"16":1,"17":1},"branchMap":{},"b":{},"fnMap":{},"f":{}}
,"C:\\Users\\marxc\\Desktop\\api-finan\\src\\models\\Lancamento.js": {"path":"C:\\Users\\marxc\\Desktop\\api-finan\\src\\models\\Lancamento.js","all":false,"statementMap":{"0":{"start":{"line":1,"column":0},"end":{"line":1,"column":37}},"1":{"start":{"line":2,"column":0},"end":{"line":2,"column":0}},"2":{"start":{"line":3,"column":0},"end":{"line":3,"column":41}},"3":{"start":{"line":4,"column":0},"end":{"line":4,"column":16}},"4":{"start":{"line":5,"column":0},"end":{"line":5,"column":21}},"5":{"start":{"line":6,"column":0},"end":{"line":6,"column":23}},"6":{"start":{"line":7,"column":0},"end":{"line":7,"column":6}},"7":{"start":{"line":8,"column":0},"end":{"line":8,"column":12}},"8":{"start":{"line":9,"column":0},"end":{"line":9,"column":21}},"9":{"start":{"line":10,"column":0},"end":{"line":10,"column":23}},"10":{"start":{"line":11,"column":0},"end":{"line":11,"column":6}},"11":{"start":{"line":12,"column":0},"end":{"line":12,"column":12}},"12":{"start":{"line":13,"column":0},"end":{"line":13,"column":22}},"13":{"start":{"line":14,"column":0},"end":{"line":14,"column":23}},"14":{"start":{"line":15,"column":0},"end":{"line":15,"column":6}},"15":{"start":{"line":16,"column":0},"end":{"line":16,"column":17}},"16":{"start":{"line":17,"column":0},"end":{"line":17,"column":21}},"17":{"start":{"line":18,"column":0},"end":{"line":18,"column":22}},"18":{"start":{"line":19,"column":0},"end":{"line":19,"column":6}},"19":{"start":{"line":20,"column":0},"end":{"line":20,"column":11}},"20":{"start":{"line":21,"column":0},"end":{"line":21,"column":22}},"21":{"start":{"line":22,"column":0},"end":{"line":22,"column":23}},"22":{"start":{"line":23,"column":0},"end":{"line":23,"column":6}},"23":{"start":{"line":24,"column":0},"end":{"line":24,"column":20}},"24":{"start":{"line":25,"column":0},"end":{"line":25,"column":21}},"25":{"start":{"line":26,"column":0},"end":{"line":26,"column":21}},"26":{"start":{"line":27,"column":0},"end":{"line":27,"column":6}},"27":{"start":{"line":28,"column":0},"end":{"line":28,"column":22}},"28":{"start":{"line":29,"column":0},"end":{"line":29,"column":21}},"29":{"start":{"line":30,"column":0},"end":{"line":30,"column":21}},"30":{"start":{"line":31,"column":0},"end":{"line":31,"column":6}},"31":{"start":{"line":32,"column":0},"end":{"line":32,"column":21}},"32":{"start":{"line":33,"column":0},"end":{"line":33,"column":21}},"33":{"start":{"line":34,"column":0},"end":{"line":34,"column":21}},"34":{"start":{"line":35,"column":0},"end":{"line":35,"column":6}},"35":{"start":{"line":36,"column":0},"end":{"line":36,"column":13}},"36":{"start":{"line":37,"column":0},"end":{"line":37,"column":45}},"37":{"start":{"line":38,"column":0},"end":{"line":38,"column":22}},"38":{"start":{"line":39,"column":0},"end":{"line":39,"column":23}},"39":{"start":{"line":40,"column":0},"end":{"line":40,"column":6}},"40":{"start":{"line":41,"column":0},"end":{"line":41,"column":16}},"41":{"start":{"line":42,"column":0},"end":{"line":42,"column":45}},"42":{"start":{"line":43,"column":0},"end":{"line":43,"column":25}},"43":{"start":{"line":44,"column":0},"end":{"line":44,"column":22}},"44":{"start":{"line":45,"column":0},"end":{"line":45,"column":5}},"45":{"start":{"line":46,"column":0},"end":{"line":46,"column":2}},"46":{"start":{"line":47,"column":0},"end":{"line":47,"column":0}},"47":{"start":{"line":48,"column":0},"end":{"line":48,"column":64}}},"s":{"0":1,"1":1,"2":1,"3":1,"4":1,"5":1,"6":1,"7":1,"8":1,"9":1,"10":1,"11":1,"12":1,"13":1,"14":1,"15":1,"16":1,"17":1,"18":1,"19":1,"20":1,"21":1,"22":1,"23":1,"24":1,"25":1,"26":1,"27":1,"28":1,"29":1,"30":1,"31":1,"32":1,"33":1,"34":1,"35":1,"36":1,"37":1,"38":1,"39":1,"40":1,"41":1,"42":1,"43":1,"44":1,"45":1,"46":1,"47":1},"branchMap":{},"b":{},"fnMap":{},"f":{}}
,"C:\\Users\\marxc\\Desktop\\api-finan\\src\\models\\Pessoa.js": {"path":"C:\\Users\\marxc\\Desktop\\api-finan\\src\\models\\Pessoa.js","all":false,"statementMap":{"0":{"start":{"line":1,"column":0},"end":{"line":1,"column":37}},"1":{"start":{"line":2,"column":0},"end":{"line":2,"column":0}},"2":{"start":{"line":3,"column":0},"end":{"line":3,"column":37}},"3":{"start":{"line":4,"column":0},"end":{"line":4,"column":11}},"4":{"start":{"line":5,"column":0},"end":{"line":5,"column":21}},"5":{"start":{"line":6,"column":0},"end":{"line":6,"column":23}},"6":{"start":{"line":7,"column":0},"end":{"line":7,"column":6}},"7":{"start":{"line":8,"column":0},"end":{"line":8,"column":15}},"8":{"start":{"line":9,"column":0},"end":{"line":9,"column":21}},"9":{"start":{"line":10,"column":0},"end":{"line":10,"column":23}},"10":{"start":{"line":11,"column":0},"end":{"line":11,"column":6}},"11":{"start":{"line":12,"column":0},"end":{"line":12,"column":11}},"12":{"start":{"line":13,"column":0},"end":{"line":13,"column":21}},"13":{"start":{"line":14,"column":0},"end":{"line":14,"column":23}},"14":{"start":{"line":15,"column":0},"end":{"line":15,"column":6}},"15":{"start":{"line":16,"column":0},"end":{"line":16,"column":20}},"16":{"start":{"line":17,"column":0},"end":{"line":17,"column":45}},"17":{"start":{"line":18,"column":0},"end":{"line":18,"column":26}},"18":{"start":{"line":19,"column":0},"end":{"line":19,"column":6}},"19":{"start":{"line":20,"column":0},"end":{"line":20,"column":2}},"20":{"start":{"line":21,"column":0},"end":{"line":21,"column":0}},"21":{"start":{"line":22,"column":0},"end":{"line":22,"column":55}}},"s":{"0":1,"1":1,"2":1,"3":1,"4":1,"5":1,"6":1,"7":1,"8":1,"9":1,"10":1,"11":1,"12":1,"13":1,"14":1,"15":1,"16":1,"17":1,"18":1,"19":1,"20":1,"21":1},"branchMap":{},"b":{},"fnMap":{},"f":{}}
,"C:\\Users\\marxc\\Desktop\\api-finan\\src\\models\\Usuario.js": {"path":"C:\\Users\\marxc\\Desktop\\api-finan\\src\\models\\Usuario.js","all":false,"statementMap":{"0":{"start":{"line":1,"column":0},"end":{"line":1,"column":37}},"1":{"start":{"line":2,"column":0},"end":{"line":2,"column":0}},"2":{"start":{"line":3,"column":0},"end":{"line":3,"column":38}},"3":{"start":{"line":4,"column":0},"end":{"line":4,"column":11}},"4":{"start":{"line":5,"column":0},"end":{"line":5,"column":21}},"5":{"start":{"line":6,"column":0},"end":{"line":6,"column":23}},"6":{"start":{"line":7,"column":0},"end":{"line":7,"column":6}},"7":{"start":{"line":8,"column":0},"end":{"line":8,"column":12}},"8":{"start":{"line":9,"column":0},"end":{"line":9,"column":21}},"9":{"start":{"line":10,"column":0},"end":{"line":10,"column":21}},"10":{"start":{"line":11,"column":0},"end":{"line":11,"column":23}},"11":{"start":{"line":12,"column":0},"end":{"line":12,"column":23}},"12":{"start":{"line":13,"column":0},"end":{"line":13,"column":6}},"13":{"start":{"line":14,"column":0},"end":{"line":14,"column":12}},"14":{"start":{"line":15,"column":0},"end":{"line":15,"column":21}},"15":{"start":{"line":16,"column":0},"end":{"line":16,"column":23}},"16":{"start":{"line":17,"column":0},"end":{"line":17,"column":21}},"17":{"start":{"line":18,"column":0},"end":{"line":18,"column":5}},"18":{"start":{"line":19,"column":0},"end":{"line":19,"column":2}},"19":{"start":{"line":20,"column":0},"end":{"line":20,"column":0}},"20":{"start":{"line":21,"column":0},"end":{"line":21,"column":57}}},"s":{"0":1,"1":1,"2":1,"3":1,"4":1,"5":1,"6":1,"7":1,"8":1,"9":1,"10":1,"11":1,"12":1,"13":1,"14":1,"15":1,"16":1,"17":1,"18":1,"19":1,"20":1},"branchMap":{},"b":{},"fnMap":{},"f":{}}
,"C:\\Users\\marxc\\Desktop\\api-finan\\src\\routes\\categoria.routes.js": {"path":"C:\\Users\\marxc\\Desktop\\api-finan\\src\\routes\\categoria.routes.js","all":false,"statementMap":{"0":{"start":{"line":1,"column":0},"end":{"line":1,"column":35}},"1":{"start":{"line":2,"column":0},"end":{"line":2,"column":41}},"2":{"start":{"line":3,"column":0},"end":{"line":3,"column":0}},"3":{"start":{"line":4,"column":0},"end":{"line":4,"column":75}},"4":{"start":{"line":5,"column":0},"end":{"line":5,"column":74}},"5":{"start":{"line":6,"column":0},"end":{"line":6,"column":0}},"6":{"start":{"line":7,"column":0},"end":{"line":7,"column":73}},"7":{"start":{"line":8,"column":0},"end":{"line":8,"column":73}},"8":{"start":{"line":9,"column":0},"end":{"line":9,"column":120}},"9":{"start":{"line":10,"column":0},"end":{"line":10,"column":119}},"10":{"start":{"line":11,"column":0},"end":{"line":11,"column":115}},"11":{"start":{"line":12,"column":0},"end":{"line":12,"column":0}},"12":{"start":{"line":13,"column":0},"end":{"line":13,"column":33}}},"s":{"0":1,"1":1,"2":1,"3":1,"4":1,"5":1,"6":1,"7":1,"8":1,"9":1,"10":1,"11":1,"12":1},"branchMap":{},"b":{},"fnMap":{},"f":{}}
,"C:\\Users\\marxc\\Desktop\\api-finan\\src\\routes\\lancamento.routes.js": {"path":"C:\\Users\\marxc\\Desktop\\api-finan\\src\\routes\\lancamento.routes.js","all":false,"statementMap":{"0":{"start":{"line":1,"column":0},"end":{"line":1,"column":35}},"1":{"start":{"line":2,"column":0},"end":{"line":2,"column":42}},"2":{"start":{"line":3,"column":0},"end":{"line":3,"column":0}},"3":{"start":{"line":4,"column":0},"end":{"line":4,"column":78}},"4":{"start":{"line":5,"column":0},"end":{"line":5,"column":76}},"5":{"start":{"line":6,"column":0},"end":{"line":6,"column":0}},"6":{"start":{"line":7,"column":0},"end":{"line":7,"column":78}},"7":{"start":{"line":8,"column":0},"end":{"line":8,"column":78}},"8":{"start":{"line":9,"column":0},"end":{"line":9,"column":126}},"9":{"start":{"line":10,"column":0},"end":{"line":10,"column":124}},"10":{"start":{"line":11,"column":0},"end":{"line":11,"column":136}},"11":{"start":{"line":12,"column":0},"end":{"line":12,"column":136}},"12":{"start":{"line":13,"column":0},"end":{"line":13,"column":132}},"13":{"start":{"line":14,"column":0},"end":{"line":14,"column":0}},"14":{"start":{"line":15,"column":0},"end":{"line":15,"column":34}}},"s":{"0":1,"1":1,"2":1,"3":1,"4":1,"5":1,"6":1,"7":1,"8":1,"9":1,"10":1,"11":1,"12":1,"13":1,"14":1},"branchMap":{},"b":{},"fnMap":{},"f":{}}
,"C:\\Users\\marxc\\Desktop\\api-finan\\src\\routes\\pessoa.routes.js": {"path":"C:\\Users\\marxc\\Desktop\\api-finan\\src\\routes\\pessoa.routes.js","all":false,"statementMap":{"0":{"start":{"line":1,"column":0},"end":{"line":1,"column":35}},"1":{"start":{"line":2,"column":0},"end":{"line":2,"column":38}},"2":{"start":{"line":3,"column":0},"end":{"line":3,"column":0}},"3":{"start":{"line":4,"column":0},"end":{"line":4,"column":68}},"4":{"start":{"line":5,"column":0},"end":{"line":5,"column":68}},"5":{"start":{"line":6,"column":0},"end":{"line":6,"column":0}},"6":{"start":{"line":7,"column":0},"end":{"line":7,"column":61}},"7":{"start":{"line":8,"column":0},"end":{"line":8,"column":61}},"8":{"start":{"line":9,"column":0},"end":{"line":9,"column":102}},"9":{"start":{"line":10,"column":0},"end":{"line":10,"column":100}},"10":{"start":{"line":11,"column":0},"end":{"line":11,"column":97}},"11":{"start":{"line":12,"column":0},"end":{"line":12,"column":0}},"12":{"start":{"line":13,"column":0},"end":{"line":13,"column":30}}},"s":{"0":1,"1":1,"2":1,"3":1,"4":1,"5":1,"6":1,"7":1,"8":1,"9":1,"10":1,"11":1,"12":1},"branchMap":{},"b":{},"fnMap":{},"f":{}}
,"C:\\Users\\marxc\\Desktop\\api-finan\\src\\routes\\usuario.routes.js": {"path":"C:\\Users\\marxc\\Desktop\\api-finan\\src\\routes\\usuario.routes.js","all":false,"statementMap":{"0":{"start":{"line":1,"column":0},"end":{"line":1,"column":35}},"1":{"start":{"line":2,"column":0},"end":{"line":2,"column":39}},"2":{"start":{"line":3,"column":0},"end":{"line":3,"column":0}},"3":{"start":{"line":4,"column":0},"end":{"line":4,"column":70}},"4":{"start":{"line":5,"column":0},"end":{"line":5,"column":70}},"5":{"start":{"line":6,"column":0},"end":{"line":6,"column":0}},"6":{"start":{"line":7,"column":0},"end":{"line":7,"column":74}},"7":{"start":{"line":8,"column":0},"end":{"line":8,"column":70}},"8":{"start":{"line":9,"column":0},"end":{"line":9,"column":65}},"9":{"start":{"line":10,"column":0},"end":{"line":10,"column":107}},"10":{"start":{"line":11,"column":0},"end":{"line":11,"column":106}},"11":{"start":{"line":12,"column":0},"end":{"line":12,"column":0}},"12":{"start":{"line":13,"column":0},"end":{"line":13,"column":31}}},"s":{"0":1,"1":1,"2":1,"3":1,"4":1,"5":1,"6":1,"7":1,"8":1,"9":1,"10":1,"11":1,"12":1},"branchMap":{},"b":{},"fnMap":{},"f":{}}
}
