TN:
SF:__tests__\mocks\CategoriaMock.js
FNF:0
FNH:0
DA:1,1
DA:2,1
DA:3,1
DA:4,1
DA:5,1
DA:6,1
DA:7,1
DA:8,1
DA:9,1
DA:10,1
DA:11,1
LF:11
LH:11
BRF:0
BRH:0
end_of_record
TN:
SF:__tests__\mocks\LancamentoMock.js
FNF:0
FNH:0
DA:1,1
DA:2,1
DA:3,1
DA:4,1
DA:5,1
DA:6,1
DA:7,1
DA:8,1
DA:9,1
DA:10,1
DA:11,1
DA:12,1
DA:13,1
DA:14,1
DA:15,1
DA:16,1
DA:17,1
DA:18,1
DA:19,1
DA:20,1
DA:21,1
DA:22,1
DA:23,1
DA:24,1
DA:25,1
DA:26,1
DA:27,1
DA:28,1
DA:29,1
DA:30,1
DA:31,1
DA:32,1
DA:33,1
DA:34,1
DA:35,1
DA:36,1
DA:37,1
DA:38,1
DA:39,1
DA:40,1
DA:41,1
DA:42,1
DA:43,1
DA:44,1
DA:45,1
DA:46,1
DA:47,1
DA:48,1
DA:49,1
DA:50,1
DA:51,1
LF:51
LH:51
BRF:0
BRH:0
end_of_record
TN:
SF:__tests__\mocks\PessoaMock.js
FNF:0
FNH:0
DA:1,1
DA:2,1
DA:3,1
DA:4,1
DA:5,1
DA:6,1
DA:7,1
DA:8,1
DA:9,1
DA:10,1
DA:11,1
DA:12,1
DA:13,1
DA:14,1
LF:14
LH:14
BRF:0
BRH:0
end_of_record
TN:
SF:__tests__\mocks\UsuarioMock.js
FNF:0
FNH:0
DA:1,1
DA:2,1
DA:3,1
DA:4,1
DA:5,1
DA:6,1
DA:7,1
LF:7
LH:7
BRF:0
BRH:0
end_of_record
TN:
SF:src\app.js
FNF:0
FNH:0
DA:1,1
DA:2,1
DA:3,1
DA:4,1
DA:5,1
DA:6,1
DA:7,1
DA:8,1
DA:9,1
DA:10,1
DA:11,1
DA:12,1
DA:13,1
DA:14,1
DA:15,1
DA:16,1
DA:17,1
DA:18,1
DA:19,1
DA:20,1
LF:20
LH:20
BRF:0
BRH:0
end_of_record
TN:
SF:src\routes.js
FNF:0
FNH:0
DA:1,1
DA:2,1
DA:3,1
DA:4,1
DA:5,1
DA:6,1
DA:7,1
DA:8,1
DA:9,1
DA:10,1
DA:11,1
DA:12,1
DA:13,1
DA:14,1
LF:14
LH:14
BRF:0
BRH:0
end_of_record
TN:
SF:src\controllers\CategoriaController.js
FN:3,regExpCategoria
FN:9,salvarCategoria
FN:30,buscarCategorias
FN:39,buscarCategoriasPorId
FN:43,deletarCategorias
FN:55,alterarCategoria
FN:71,removerLancamentoId
FNF:7
FNH:7
FNDA:4,regExpCategoria
FNDA:3,salvarCategoria
FNDA:1,buscarCategorias
FNDA:1,buscarCategoriasPorId
FNDA:1,deletarCategorias
FNDA:3,alterarCategoria
FNDA:2,removerLancamentoId
DA:1,1
DA:2,1
DA:3,4
DA:4,4
DA:5,4
DA:6,4
DA:7,1
DA:8,1
DA:9,1
DA:10,3
DA:11,1
DA:12,1
DA:13,2
DA:14,3
DA:15,1
DA:16,1
DA:17,1
DA:18,1
DA:19,1
DA:20,1
DA:21,1
DA:22,3
DA:23,3
DA:24,3
DA:25,3
DA:26,0
DA:27,0
DA:28,3
DA:29,1
DA:30,1
DA:31,1
DA:32,1
DA:33,1
DA:34,1
DA:35,0
DA:36,0
DA:37,1
DA:38,1
DA:39,1
DA:40,1
DA:41,1
DA:42,1
DA:43,1
DA:44,1
DA:45,0
DA:46,0
DA:47,1
DA:48,1
DA:49,1
DA:50,1
DA:51,0
DA:52,0
DA:53,1
DA:54,1
DA:55,1
DA:56,3
DA:57,3
DA:58,1
DA:59,1
DA:60,3
DA:61,1
DA:62,1
DA:63,3
DA:64,3
DA:65,3
DA:66,3
DA:67,0
DA:68,0
DA:69,3
DA:70,1
DA:71,1
DA:72,2
DA:73,2
DA:74,2
DA:75,2
DA:76,2
DA:77,2
DA:78,1
LF:78
LH:68
BRDA:3,0,0,4
BRDA:9,1,0,3
BRDA:10,2,0,1
BRDA:13,3,0,2
BRDA:14,4,0,1
BRDA:25,5,0,0
BRDA:30,6,0,1
BRDA:34,7,0,0
BRDA:39,8,0,1
BRDA:43,9,0,1
BRDA:44,10,0,0
BRDA:50,11,0,0
BRDA:55,12,0,3
BRDA:57,13,0,2
BRDA:57,14,0,1
BRDA:60,15,0,2
BRDA:60,16,0,1
BRDA:66,17,0,0
BRDA:71,18,0,2
BRF:19
BRH:14
end_of_record
TN:
SF:src\controllers\LancamentosController.js
FN:9,tipo_conta
FN:14,data
FN:19,tipo
FN:26,validar
FN:45,salvarLancamento
FN:47,vincularLancamentoACategoria
FN:57,vincularLancamentoAPessoa
FN:132,buscarLancamentos
FN:141,buscarLancamentoPorId
FN:145,deletarLancamento
FN:156,alterarLancamentoDespesa
FN:180,alterarLancamentoReceita
FN:203,informarPagamento
FNF:13
FNH:13
FNDA:8,tipo_conta
FNDA:6,data
FNDA:5,tipo
FNDA:8,validar
FNDA:8,salvarLancamento
FNDA:2,vincularLancamentoACategoria
FNDA:2,vincularLancamentoAPessoa
FNDA:1,buscarLancamentos
FNDA:1,buscarLancamentoPorId
FNDA:2,deletarLancamento
FNDA:1,alterarLancamentoDespesa
FNDA:3,alterarLancamentoReceita
FNDA:3,informarPagamento
DA:1,1
DA:2,1
DA:3,1
DA:4,1
DA:5,1
DA:6,1
DA:7,1
DA:8,1
DA:9,1
DA:10,8
DA:11,8
DA:12,8
DA:13,1
DA:14,1
DA:15,6
DA:16,6
DA:17,6
DA:18,1
DA:19,1
DA:20,5
DA:21,5
DA:22,5
DA:23,1
DA:24,1
DA:25,1
DA:26,1
DA:27,8
DA:28,2
DA:29,2
DA:30,6
DA:31,8
DA:32,1
DA:33,1
DA:34,5
DA:35,8
DA:36,1
DA:37,1
DA:38,4
DA:39,4
DA:40,4
DA:41,1
DA:42,1
DA:43,1
DA:44,1
DA:45,1
DA:46,8
DA:47,8
DA:48,2
DA:49,2
DA:50,2
DA:51,2
DA:52,2
DA:53,2
DA:54,2
DA:55,2
DA:56,8
DA:57,8
DA:58,2
DA:59,2
DA:60,2
DA:61,2
DA:62,2
DA:63,2
DA:64,2
DA:65,8
DA:66,8
DA:67,8
DA:68,8
DA:69,8
DA:70,7
DA:71,7
DA:72,7
DA:73,7
DA:74,8
DA:75,1
DA:76,1
DA:77,7
DA:78,8
DA:79,1
DA:80,1
DA:81,6
DA:82,8
DA:83,1
DA:84,1
DA:85,5
DA:86,8
DA:87,8
DA:88,8
DA:89,8
DA:90,8
DA:91,3
DA:92,3
DA:93,2
DA:94,2
DA:95,2
DA:96,2
DA:97,2
DA:98,2
DA:99,2
DA:100,2
DA:101,0
DA:102,0
DA:103,0
DA:104,0
DA:105,0
DA:106,0
DA:107,0
DA:108,0
DA:109,0
DA:110,0
DA:111,0
DA:112,0
DA:113,0
DA:114,0
DA:115,0
DA:116,0
DA:117,0
DA:118,0
DA:119,0
DA:120,0
DA:121,0
DA:122,0
DA:123,0
DA:124,0
DA:125,0
DA:126,0
DA:127,8
DA:128,0
DA:129,0
DA:130,8
DA:131,1
DA:132,1
DA:133,1
DA:134,1
DA:135,1
DA:136,1
DA:137,0
DA:138,0
DA:139,1
DA:140,1
DA:141,1
DA:142,1
DA:143,1
DA:144,1
DA:145,1
DA:146,2
DA:147,2
DA:148,2
DA:149,2
DA:150,2
DA:151,2
DA:152,0
DA:153,0
DA:154,2
DA:155,1
DA:156,1
DA:157,1
DA:158,1
DA:159,1
DA:160,1
DA:161,0
DA:162,0
DA:163,1
DA:164,1
DA:165,1
DA:166,1
DA:167,1
DA:168,1
DA:169,0
DA:170,0
DA:171,1
DA:172,1
DA:173,1
DA:174,1
DA:175,1
DA:176,0
DA:177,0
DA:178,1
DA:179,1
DA:180,1
DA:181,3
DA:182,2
DA:183,2
DA:184,3
DA:185,1
DA:186,1
DA:187,2
DA:188,3
DA:189,3
DA:190,3
DA:191,3
DA:192,3
DA:193,1
DA:194,1
DA:195,3
DA:196,3
DA:197,3
DA:198,3
DA:199,0
DA:200,0
DA:201,3
DA:202,1
DA:203,1
DA:204,3
DA:205,1
DA:206,1
DA:207,2
DA:208,3
DA:209,1
DA:210,1
DA:211,3
DA:212,3
DA:213,3
DA:214,3
DA:215,0
DA:216,0
DA:217,3
DA:218,1
LF:218
LH:176
BRDA:9,0,0,8
BRDA:14,1,0,6
BRDA:19,2,0,5
BRDA:26,3,0,8
BRDA:27,4,0,2
BRDA:30,5,0,6
BRDA:31,6,0,1
BRDA:34,7,0,5
BRDA:35,8,0,4
BRDA:35,9,0,1
BRDA:38,10,0,4
BRDA:45,11,0,8
BRDA:69,12,0,7
BRDA:69,13,0,7
BRDA:69,14,0,7
BRDA:74,15,0,1
BRDA:77,16,0,7
BRDA:78,17,0,1
BRDA:81,18,0,6
BRDA:82,19,0,1
BRDA:85,20,0,5
BRDA:86,21,0,4
BRDA:86,22,0,1
BRDA:90,23,0,3
BRDA:93,24,0,2
BRDA:100,25,0,0
BRDA:127,26,0,0
BRDA:47,27,0,2
BRDA:57,28,0,2
BRDA:132,29,0,1
BRDA:136,30,0,0
BRDA:141,31,0,1
BRDA:145,32,0,2
BRDA:151,33,0,0
BRDA:156,34,0,1
BRDA:160,35,0,0
BRDA:164,36,0,0
BRDA:168,37,0,0
BRDA:175,38,0,0
BRDA:180,39,0,3
BRDA:181,40,0,2
BRDA:181,41,0,2
BRDA:181,42,0,2
BRDA:184,43,0,1
BRDA:187,44,0,2
BRDA:188,45,0,0
BRDA:192,46,0,1
BRDA:198,47,0,0
BRDA:203,48,0,3
BRDA:204,49,0,1
BRDA:207,50,0,2
BRDA:208,51,0,1
BRDA:208,52,0,1
BRDA:214,53,0,0
BRF:54
BRH:43
end_of_record
TN:
SF:src\controllers\PessoaController.js
FN:3,regExpPessoa
FN:10,salvarPessoa
FN:33,buscarPessoas
FN:42,buscarPessoasPorId
FN:46,deletarPessoa
FN:58,alterarPessoa
FN:79,removerLancamentoId
FNF:7
FNH:7
FNDA:4,regExpPessoa
FNDA:4,salvarPessoa
FNDA:1,buscarPessoas
FNDA:1,buscarPessoasPorId
FNDA:2,deletarPessoa
FNDA:3,alterarPessoa
FNDA:2,removerLancamentoId
DA:1,1
DA:2,1
DA:3,4
DA:4,4
DA:5,4
DA:6,4
DA:7,1
DA:8,1
DA:9,1
DA:10,1
DA:11,4
DA:12,1
DA:13,1
DA:14,3
DA:15,4
DA:16,1
DA:17,1
DA:18,2
DA:19,4
DA:20,1
DA:21,1
DA:22,1
DA:23,1
DA:24,1
DA:25,4
DA:26,4
DA:27,4
DA:28,4
DA:29,0
DA:30,0
DA:31,4
DA:32,1
DA:33,1
DA:34,1
DA:35,1
DA:36,1
DA:37,1
DA:38,0
DA:39,0
DA:40,1
DA:41,1
DA:42,1
DA:43,1
DA:44,1
DA:45,1
DA:46,1
DA:47,2
DA:48,1
DA:49,1
DA:50,2
DA:51,2
DA:52,2
DA:53,2
DA:54,0
DA:55,0
DA:56,2
DA:57,1
DA:58,1
DA:59,3
DA:60,3
DA:61,1
DA:62,1
DA:63,2
DA:64,3
DA:65,1
DA:66,1
DA:67,3
DA:68,3
DA:69,3
DA:70,3
DA:71,3
DA:72,3
DA:73,3
DA:74,3
DA:75,0
DA:76,0
DA:77,3
DA:78,1
DA:79,1
DA:80,2
DA:81,2
DA:82,2
DA:83,2
DA:84,2
DA:85,2
DA:86,1
LF:86
LH:78
BRDA:3,0,0,4
BRDA:10,1,0,4
BRDA:11,2,0,3
BRDA:11,3,0,1
BRDA:14,4,0,3
BRDA:15,5,0,1
BRDA:18,6,0,2
BRDA:19,7,0,1
BRDA:28,8,0,0
BRDA:33,9,0,1
BRDA:37,10,0,0
BRDA:42,11,0,1
BRDA:46,12,0,2
BRDA:47,13,0,1
BRDA:53,14,0,0
BRDA:58,15,0,3
BRDA:60,16,0,2
BRDA:60,17,0,2
BRDA:60,18,0,1
BRDA:63,19,0,2
BRDA:64,20,0,1
BRDA:74,21,0,0
BRDA:79,22,0,2
BRF:23
BRH:19
end_of_record
TN:
SF:src\controllers\UsuarioController.js
FN:5,gerarToken
FN:10,buscarUsuarios
FN:19,buscarUsuarioPorId
FN:23,salvarUsuario
FN:50,deletarUsuario
FN:59,loginUsuario
FNF:6
FNH:6
FNDA:2,gerarToken
FNDA:1,buscarUsuarios
FNDA:1,buscarUsuarioPorId
FNDA:3,salvarUsuario
FNDA:1,deletarUsuario
FNDA:4,loginUsuario
DA:1,1
DA:2,1
DA:3,1
DA:4,1
DA:5,2
DA:6,2
DA:7,2
DA:8,1
DA:9,1
DA:10,1
DA:11,1
DA:12,1
DA:13,1
DA:14,1
DA:15,0
DA:16,0
DA:17,1
DA:18,1
DA:19,1
DA:20,1
DA:21,1
DA:22,1
DA:23,1
DA:24,3
DA:25,3
DA:26,3
DA:27,1
DA:28,1
DA:29,2
DA:30,3
DA:31,1
DA:32,1
DA:33,1
DA:34,1
DA:35,1
DA:36,1
DA:37,1
DA:38,3
DA:39,3
DA:40,3
DA:41,3
DA:42,3
DA:43,3
DA:44,3
DA:45,3
DA:46,0
DA:47,0
DA:48,3
DA:49,1
DA:50,1
DA:51,1
DA:52,1
DA:53,1
DA:54,1
DA:55,0
DA:56,0
DA:57,1
DA:58,1
DA:59,1
DA:60,4
DA:61,4
DA:62,4
DA:63,1
DA:64,1
DA:65,3
DA:66,3
DA:67,3
DA:68,3
DA:69,4
DA:70,1
DA:71,1
DA:72,2
DA:73,4
DA:74,4
DA:75,4
DA:76,4
DA:77,4
DA:78,4
DA:79,4
DA:80,4
DA:81,4
DA:82,4
DA:83,4
DA:84,0
DA:85,0
DA:86,4
DA:87,1
LF:87
LH:79
BRDA:5,0,0,2
BRDA:10,1,0,1
BRDA:14,2,0,0
BRDA:19,3,0,1
BRDA:23,4,0,3
BRDA:26,5,0,2
BRDA:26,6,0,2
BRDA:26,7,0,1
BRDA:29,8,0,2
BRDA:30,9,0,1
BRDA:45,10,0,0
BRDA:50,11,0,1
BRDA:54,12,0,0
BRDA:59,13,0,4
BRDA:62,14,0,3
BRDA:62,15,0,1
BRDA:65,16,0,3
BRDA:69,17,0,1
BRDA:72,18,0,2
BRDA:83,19,0,0
BRF:20
BRH:16
end_of_record
TN:
SF:src\database\database.js
FN:3,conectarDB
FN:11,desconectarDB
FNF:2
FNH:2
FNDA:1,conectarDB
FNDA:1,desconectarDB
DA:1,1
DA:2,1
DA:3,1
DA:4,1
DA:5,1
DA:6,1
DA:7,1
DA:8,1
DA:9,1
DA:10,1
DA:11,1
DA:12,1
DA:13,1
DA:14,1
LF:14
LH:14
BRDA:3,0,0,1
BRDA:8,1,0,1
BRDA:11,2,0,1
BRF:3
BRH:3
end_of_record
TN:
SF:src\middlewares\AuthMiddleware.js
FN:3,Object.<anonymous>.module.exports
FNF:1
FNH:1
FNDA:65,Object.<anonymous>.module.exports
DA:1,1
DA:2,1
DA:3,1
DA:4,65
DA:5,7
DA:6,7
DA:7,58
DA:8,65
DA:9,1
DA:10,1
DA:11,57
DA:12,57
DA:13,57
DA:14,65
DA:15,1
DA:16,1
DA:17,56
DA:18,56
DA:19,65
DA:20,1
DA:21,1
DA:22,55
DA:23,55
DA:24,55
DA:25,54
DA:26,54
DA:27,54
DA:28,55
LF:28
LH:28
BRDA:3,0,0,65
BRDA:4,1,0,61
BRDA:4,2,0,58
BRDA:4,3,0,7
BRDA:7,4,0,58
BRDA:8,5,0,1
BRDA:11,6,0,57
BRDA:14,7,0,1
BRDA:17,8,0,56
BRDA:19,9,0,1
BRDA:22,10,0,55
BRDA:23,11,0,55
BRDA:24,12,0,1
BRDA:24,13,0,54
BRF:14
BRH:14
end_of_record
TN:
SF:src\middlewares\CategoriaMiddleware.js
FN:4,validarCategoria
FNF:1
FNH:1
FNDA:8,validarCategoria
DA:1,1
DA:2,1
DA:3,1
DA:4,1
DA:5,8
DA:6,8
DA:7,1
DA:8,1
DA:9,7
DA:10,8
DA:11,8
DA:12,1
DA:13,1
DA:14,8
DA:15,8
DA:16,8
DA:17,1
DA:18,1
DA:19,8
DA:20,1
LF:20
LH:20
BRDA:4,0,0,8
BRDA:6,1,0,1
BRDA:9,2,0,7
BRDA:10,3,0,6
BRDA:11,4,0,1
BRDA:16,5,0,1
BRF:6
BRH:6
end_of_record
TN:
SF:src\middlewares\LancamentoMiddleware.js
FN:4,validarLancamento
FNF:1
FNH:1
FNDA:13,validarLancamento
DA:1,1
DA:2,1
DA:3,1
DA:4,1
DA:5,13
DA:6,13
DA:7,1
DA:8,1
DA:9,12
DA:10,13
DA:11,13
DA:12,1
DA:13,1
DA:14,13
DA:15,13
DA:16,13
DA:17,1
DA:18,1
DA:19,13
DA:20,1
LF:20
LH:20
BRDA:4,0,0,13
BRDA:6,1,0,1
BRDA:9,2,0,12
BRDA:10,3,0,11
BRDA:11,4,0,1
BRDA:16,5,0,1
BRF:6
BRH:6
end_of_record
TN:
SF:src\middlewares\PessoaMiddleware.js
FN:4,validarPessoa
FNF:1
FNH:1
FNDA:9,validarPessoa
DA:1,1
DA:2,1
DA:3,1
DA:4,1
DA:5,9
DA:6,9
DA:7,1
DA:8,1
DA:9,8
DA:10,9
DA:11,9
DA:12,1
DA:13,1
DA:14,9
DA:15,9
DA:16,9
DA:17,1
DA:18,1
DA:19,9
DA:20,1
LF:20
LH:20
BRDA:4,0,0,9
BRDA:6,1,0,1
BRDA:9,2,0,8
BRDA:10,3,0,7
BRDA:11,4,0,1
BRDA:16,5,0,1
BRF:6
BRH:6
end_of_record
TN:
SF:src\middlewares\UsuarioMiddleware.js
FN:4,validarUsuario
FNF:1
FNH:1
FNDA:5,validarUsuario
DA:1,1
DA:2,1
DA:3,1
DA:4,1
DA:5,5
DA:6,5
DA:7,1
DA:8,1
DA:9,4
DA:10,5
DA:11,5
DA:12,1
DA:13,1
DA:14,5
DA:15,5
DA:16,5
DA:17,1
DA:18,1
DA:19,5
DA:20,1
LF:20
LH:20
BRDA:4,0,0,5
BRDA:6,1,0,1
BRDA:9,2,0,4
BRDA:10,3,0,3
BRDA:11,4,0,1
BRDA:16,5,0,1
BRF:6
BRH:6
end_of_record
TN:
SF:src\models\Categoria.js
FNF:0
FNH:0
DA:1,1
DA:2,1
DA:3,1
DA:4,1
DA:5,1
DA:6,1
DA:7,1
DA:8,1
DA:9,1
DA:10,1
DA:11,1
DA:12,1
DA:13,1
DA:14,1
DA:15,1
DA:16,1
DA:17,1
DA:18,1
LF:18
LH:18
BRF:0
BRH:0
end_of_record
TN:
SF:src\models\Lancamento.js
FNF:0
FNH:0
DA:1,1
DA:2,1
DA:3,1
DA:4,1
DA:5,1
DA:6,1
DA:7,1
DA:8,1
DA:9,1
DA:10,1
DA:11,1
DA:12,1
DA:13,1
DA:14,1
DA:15,1
DA:16,1
DA:17,1
DA:18,1
DA:19,1
DA:20,1
DA:21,1
DA:22,1
DA:23,1
DA:24,1
DA:25,1
DA:26,1
DA:27,1
DA:28,1
DA:29,1
DA:30,1
DA:31,1
DA:32,1
DA:33,1
DA:34,1
DA:35,1
DA:36,1
DA:37,1
DA:38,1
DA:39,1
DA:40,1
DA:41,1
DA:42,1
DA:43,1
DA:44,1
DA:45,1
DA:46,1
DA:47,1
DA:48,1
LF:48
LH:48
BRF:0
BRH:0
end_of_record
TN:
SF:src\models\Pessoa.js
FNF:0
FNH:0
DA:1,1
DA:2,1
DA:3,1
DA:4,1
DA:5,1
DA:6,1
DA:7,1
DA:8,1
DA:9,1
DA:10,1
DA:11,1
DA:12,1
DA:13,1
DA:14,1
DA:15,1
DA:16,1
DA:17,1
DA:18,1
DA:19,1
DA:20,1
DA:21,1
DA:22,1
LF:22
LH:22
BRF:0
BRH:0
end_of_record
TN:
SF:src\models\Usuario.js
FNF:0
FNH:0
DA:1,1
DA:2,1
DA:3,1
DA:4,1
DA:5,1
DA:6,1
DA:7,1
DA:8,1
DA:9,1
DA:10,1
DA:11,1
DA:12,1
DA:13,1
DA:14,1
DA:15,1
DA:16,1
DA:17,1
DA:18,1
DA:19,1
DA:20,1
DA:21,1
LF:21
LH:21
BRF:0
BRH:0
end_of_record
TN:
SF:src\routes\categoria.routes.js
FNF:0
FNH:0
DA:1,1
DA:2,1
DA:3,1
DA:4,1
DA:5,1
DA:6,1
DA:7,1
DA:8,1
DA:9,1
DA:10,1
DA:11,1
DA:12,1
DA:13,1
LF:13
LH:13
BRF:0
BRH:0
end_of_record
TN:
SF:src\routes\lancamento.routes.js
FNF:0
FNH:0
DA:1,1
DA:2,1
DA:3,1
DA:4,1
DA:5,1
DA:6,1
DA:7,1
DA:8,1
DA:9,1
DA:10,1
DA:11,1
DA:12,1
DA:13,1
DA:14,1
DA:15,1
LF:15
LH:15
BRF:0
BRH:0
end_of_record
TN:
SF:src\routes\pessoa.routes.js
FNF:0
FNH:0
DA:1,1
DA:2,1
DA:3,1
DA:4,1
DA:5,1
DA:6,1
DA:7,1
DA:8,1
DA:9,1
DA:10,1
DA:11,1
DA:12,1
DA:13,1
LF:13
LH:13
BRF:0
BRH:0
end_of_record
TN:
SF:src\routes\usuario.routes.js
FNF:0
FNH:0
DA:1,1
DA:2,1
DA:3,1
DA:4,1
DA:5,1
DA:6,1
DA:7,1
DA:8,1
DA:9,1
DA:10,1
DA:11,1
DA:12,1
DA:13,1
LF:13
LH:13
BRF:0
BRH:0
end_of_record
